Type-safe project accessors is an incubating feature.

> Configure project :app
WARNING: The option setting 'android.newDsl=false' is deprecated.
The current default is 'true'.
It will be removed in version 10.0 of the Android Gradle plugin.

> Task :build-logic:checkKotlinGradlePluginConfigurationErrors SKIPPED

> Task :build-logic:compileKotlin UP-TO-DATE
Kotlin does not yet support 25 JDK target, falling back to Kotlin JVM_24 JVM target

> Task :build-logic:compileJava NO-SOURCE
> Task :build-logic:pluginDescriptors UP-TO-DATE
> Task :build-logic:processResources UP-TO-DATE
> Task :build-logic:classes UP-TO-DATE
> Task :build-logic:jar UP-TO-DATE

> Configure project :core-module
Kotlin does not yet support 25 JDK target, falling back to Kotlin JVM_24 JVM target

> Task :agents:growthmetrics:identity:preBuild UP-TO-DATE
> Task :app:preBuild UP-TO-DATE
> Task :genesis:oracledrive:preBuild UP-TO-DATE
> Task :core-module:preBuild UP-TO-DATE
> Task :app:preDebugBuild UP-TO-DATE
> Task :core-module:preDebugBuild UP-TO-DATE
> Task :genesis:oracledrive:preDebugBuild UP-TO-DATE
> Task :agents:growthmetrics:identity:preDebugBuild UP-TO-DATE
> Task :agents:growthmetrics:metareflection:preBuild UP-TO-DATE
> Task :agents:growthmetrics:metareflection:preDebugBuild UP-TO-DATE
> Task :agents:growthmetrics:identity:compileDebugAidl NO-SOURCE
> Task :genesis:oracledrive:compileDebugAidl NO-SOURCE
> Task :core-module:compileDebugAidl NO-SOURCE
> Task :agents:growthmetrics:metareflection:compileDebugAidl NO-SOURCE
> Task :agents:growthmetrics:nexusmemory:preBuild UP-TO-DATE
> Task :agents:growthmetrics:progression:preBuild UP-TO-DATE
> Task :agents:growthmetrics:tasker:preBuild UP-TO-DATE
> Task :agents:growthmetrics:spheregrid:preBuild UP-TO-DATE
> Task :agents:growthmetrics:spheregrid:preDebugBuild UP-TO-DATE
> Task :agents:growthmetrics:tasker:preDebugBuild UP-TO-DATE
> Task :agents:growthmetrics:progression:preDebugBuild UP-TO-DATE
> Task :cascade:datastream:routing:preBuild UP-TO-DATE
> Task :cascade:datastream:taskmanager:preBuild UP-TO-DATE
> Task :agents:growthmetrics:spheregrid:compileDebugAidl NO-SOURCE
> Task :agents:growthmetrics:nexusmemory:preDebugBuild UP-TO-DATE
> Task :cascade:datastream:routing:preDebugBuild UP-TO-DATE
> Task :cascade:datastream:taskmanager:preDebugBuild UP-TO-DATE
> Task :aura:reactivedesign:auraslab:preBuild UP-TO-DATE
> Task :agents:growthmetrics:progression:compileDebugAidl NO-SOURCE
> Task :agents:growthmetrics:nexusmemory:compileDebugAidl NO-SOURCE
> Task :aura:reactivedesign:auraslab:preDebugBuild UP-TO-DATE
> Task :cascade:datastream:routing:compileDebugAidl NO-SOURCE
> Task :aura:reactivedesign:collabcanvas:preBuild UP-TO-DATE
> Task :aura:reactivedesign:collabcanvas:preDebugBuild UP-TO-DATE
> Task :aura:reactivedesign:auraslab:compileDebugAidl NO-SOURCE
> Task :cascade:datastream:taskmanager:compileDebugAidl NO-SOURCE
> Task :aura:reactivedesign:chromacore:preBuild UP-TO-DATE
> Task :aura:reactivedesign:customization:preBuild UP-TO-DATE
> Task :aura:reactivedesign:collabcanvas:compileDebugAidl NO-SOURCE
> Task :aura:reactivedesign:chromacore:preDebugBuild UP-TO-DATE
> Task :aura:reactivedesign:customization:preDebugBuild UP-TO-DATE
> Task :agents:growthmetrics:tasker:compileDebugAidl NO-SOURCE
> Task :aura:reactivedesign:sandboxui:preBuild UP-TO-DATE
> Task :aura:reactivedesign:sandboxui:preDebugBuild UP-TO-DATE
> Task :cascade:datastream:delivery:preBuild UP-TO-DATE
> Task :aura:reactivedesign:chromacore:compileDebugAidl NO-SOURCE
> Task :aura:reactivedesign:customization:compileDebugAidl NO-SOURCE
> Task :cascade:datastream:delivery:preDebugBuild UP-TO-DATE
> Task :aura:reactivedesign:sandboxui:compileDebugAidl NO-SOURCE
> Task :genesis:oracledrive:rootmanagement:preBuild UP-TO-DATE
> Task :genesis:oracledrive:datavein:preBuild UP-TO-DATE
> Task :kai:sentinelsfortress:security:preBuild UP-TO-DATE
> Task :cascade:datastream:delivery:compileDebugAidl NO-SOURCE
> Task :genesis:oracledrive:rootmanagement:preDebugBuild UP-TO-DATE
> Task :genesis:oracledrive:datavein:preDebugBuild UP-TO-DATE
> Task :kai:sentinelsfortress:security:preDebugBuild UP-TO-DATE
> Task :kai:sentinelsfortress:systemintegrity:preBuild UP-TO-DATE
> Task :kai:sentinelsfortress:systemintegrity:preDebugBuild UP-TO-DATE
> Task :genesis:oracledrive:rootmanagement:compileDebugAidl NO-SOURCE
> Task :kai:sentinelsfortress:threatmonitor:preBuild UP-TO-DATE
> Task :kai:sentinelsfortress:systemintegrity:compileDebugAidl NO-SOURCE
> Task :kai:sentinelsfortress:threatmonitor:preDebugBuild UP-TO-DATE
> Task :kai:sentinelsfortress:security:compileDebugAidl NO-SOURCE
> Task :genesis:oracledrive:datavein:compileDebugAidl NO-SOURCE
> Task :kai:sentinelsfortress:threatmonitor:compileDebugAidl NO-SOURCE
> Task :agents:growthmetrics:identity:generateDebugResources UP-TO-DATE
> Task :core-module:generateDebugResources UP-TO-DATE
> Task :genesis:oracledrive:generateDebugResources UP-TO-DATE
> Task :genesis:oracledrive:packageDebugResources UP-TO-DATE
> Task :core-module:packageDebugResources UP-TO-DATE
> Task :agents:growthmetrics:identity:packageDebugResources UP-TO-DATE
> Task :agents:growthmetrics:metareflection:generateDebugResources UP-TO-DATE
> Task :agents:growthmetrics:nexusmemory:generateDebugResources UP-TO-DATE
> Task :agents:growthmetrics:progression:generateDebugResources UP-TO-DATE
> Task :agents:growthmetrics:nexusmemory:packageDebugResources UP-TO-DATE
> Task :agents:growthmetrics:metareflection:packageDebugResources UP-TO-DATE
> Task :agents:growthmetrics:progression:packageDebugResources UP-TO-DATE
> Task :agents:growthmetrics:spheregrid:generateDebugResources UP-TO-DATE
> Task :agents:growthmetrics:tasker:generateDebugResources UP-TO-DATE
> Task :aura:reactivedesign:auraslab:generateDebugResources UP-TO-DATE
> Task :agents:growthmetrics:spheregrid:packageDebugResources UP-TO-DATE
> Task :agents:growthmetrics:tasker:packageDebugResources UP-TO-DATE
> Task :aura:reactivedesign:auraslab:packageDebugResources UP-TO-DATE
> Task :aura:reactivedesign:collabcanvas:generateDebugResources UP-TO-DATE
> Task :aura:reactivedesign:chromacore:generateDebugResources UP-TO-DATE
> Task :aura:reactivedesign:customization:generateDebugResources UP-TO-DATE
> Task :aura:reactivedesign:collabcanvas:packageDebugResources UP-TO-DATE
> Task :aura:reactivedesign:chromacore:packageDebugResources UP-TO-DATE
> Task :aura:reactivedesign:customization:packageDebugResources UP-TO-DATE
> Task :aura:reactivedesign:sandboxui:generateDebugResources UP-TO-DATE
> Task :cascade:datastream:delivery:generateDebugResources UP-TO-DATE
> Task :cascade:datastream:routing:generateDebugResources UP-TO-DATE
> Task :aura:reactivedesign:sandboxui:packageDebugResources UP-TO-DATE
> Task :cascade:datastream:routing:packageDebugResources UP-TO-DATE
> Task :cascade:datastream:delivery:packageDebugResources UP-TO-DATE
> Task :genesis:oracledrive:datavein:generateDebugResources UP-TO-DATE
> Task :cascade:datastream:taskmanager:generateDebugResources UP-TO-DATE
> Task :genesis:oracledrive:rootmanagement:generateDebugResources UP-TO-DATE
> Task :cascade:datastream:taskmanager:packageDebugResources UP-TO-DATE
> Task :genesis:oracledrive:datavein:packageDebugResources UP-TO-DATE
> Task :genesis:oracledrive:rootmanagement:packageDebugResources UP-TO-DATE
> Task :kai:sentinelsfortress:security:generateDebugResources UP-TO-DATE
> Task :kai:sentinelsfortress:systemintegrity:generateDebugResources UP-TO-DATE
> Task :kai:sentinelsfortress:threatmonitor:generateDebugResources UP-TO-DATE
> Task :kai:sentinelsfortress:security:packageDebugResources UP-TO-DATE
> Task :kai:sentinelsfortress:threatmonitor:packageDebugResources UP-TO-DATE
> Task :kai:sentinelsfortress:systemintegrity:packageDebugResources UP-TO-DATE
> Task :core-module:processDebugNavigationResources UP-TO-DATE
> Task :genesis:oracledrive:processDebugNavigationResources UP-TO-DATE
> Task :agents:growthmetrics:identity:processDebugNavigationResources UP-TO-DATE
> Task :agents:growthmetrics:metareflection:processDebugNavigationResources UP-TO-DATE
> Task :agents:growthmetrics:nexusmemory:processDebugNavigationResources UP-TO-DATE
> Task :agents:growthmetrics:progression:processDebugNavigationResources UP-TO-DATE
> Task :agents:growthmetrics:tasker:processDebugNavigationResources UP-TO-DATE
> Task :agents:growthmetrics:spheregrid:processDebugNavigationResources UP-TO-DATE
> Task :aura:reactivedesign:auraslab:processDebugNavigationResources UP-TO-DATE
> Task :aura:reactivedesign:collabcanvas:processDebugNavigationResources UP-TO-DATE
> Task :aura:reactivedesign:chromacore:processDebugNavigationResources UP-TO-DATE
> Task :aura:reactivedesign:customization:processDebugNavigationResources UP-TO-DATE
> Task :aura:reactivedesign:sandboxui:processDebugNavigationResources UP-TO-DATE
> Task :cascade:datastream:delivery:processDebugNavigationResources UP-TO-DATE
> Task :cascade:datastream:routing:processDebugNavigationResources UP-TO-DATE
> Task :cascade:datastream:taskmanager:processDebugNavigationResources UP-TO-DATE
> Task :genesis:oracledrive:datavein:processDebugNavigationResources UP-TO-DATE
> Task :kai:sentinelsfortress:systemintegrity:processDebugNavigationResources UP-TO-DATE
> Task :kai:sentinelsfortress:security:processDebugNavigationResources UP-TO-DATE
> Task :genesis:oracledrive:rootmanagement:processDebugNavigationResources UP-TO-DATE
> Task :kai:sentinelsfortress:threatmonitor:processDebugNavigationResources UP-TO-DATE
> Task :core-module:parseDebugLocalResources UP-TO-DATE
> Task :agents:growthmetrics:identity:parseDebugLocalResources UP-TO-DATE
> Task :genesis:oracledrive:parseDebugLocalResources UP-TO-DATE
> Task :core-module:generateDebugRFile UP-TO-DATE
> Task :genesis:oracledrive:generateDebugRFile UP-TO-DATE
> Task :agents:growthmetrics:identity:generateDebugRFile UP-TO-DATE
> Task :agents:growthmetrics:metareflection:parseDebugLocalResources UP-TO-DATE
> Task :agents:growthmetrics:nexusmemory:parseDebugLocalResources UP-TO-DATE
> Task :agents:growthmetrics:progression:parseDebugLocalResources UP-TO-DATE
> Task :agents:growthmetrics:metareflection:generateDebugRFile UP-TO-DATE
> Task :agents:growthmetrics:nexusmemory:generateDebugRFile UP-TO-DATE
> Task :agents:growthmetrics:progression:generateDebugRFile UP-TO-DATE
> Task :agents:growthmetrics:spheregrid:parseDebugLocalResources UP-TO-DATE
> Task :agents:growthmetrics:tasker:parseDebugLocalResources UP-TO-DATE
> Task :aura:reactivedesign:auraslab:parseDebugLocalResources UP-TO-DATE
> Task :agents:growthmetrics:spheregrid:generateDebugRFile UP-TO-DATE
> Task :agents:growthmetrics:tasker:generateDebugRFile UP-TO-DATE
> Task :aura:reactivedesign:auraslab:generateDebugRFile UP-TO-DATE
> Task :aura:reactivedesign:chromacore:parseDebugLocalResources UP-TO-DATE
> Task :aura:reactivedesign:collabcanvas:parseDebugLocalResources UP-TO-DATE
> Task :aura:reactivedesign:chromacore:generateDebugRFile UP-TO-DATE
> Task :aura:reactivedesign:customization:parseDebugLocalResources UP-TO-DATE
> Task :aura:reactivedesign:collabcanvas:generateDebugRFile UP-TO-DATE
> Task :aura:reactivedesign:customization:generateDebugRFile UP-TO-DATE
> Task :aura:reactivedesign:sandboxui:parseDebugLocalResources UP-TO-DATE
> Task :cascade:datastream:delivery:parseDebugLocalResources UP-TO-DATE
> Task :aura:reactivedesign:sandboxui:generateDebugRFile UP-TO-DATE
> Task :cascade:datastream:routing:parseDebugLocalResources UP-TO-DATE
> Task :cascade:datastream:delivery:generateDebugRFile UP-TO-DATE
> Task :cascade:datastream:taskmanager:parseDebugLocalResources UP-TO-DATE
> Task :cascade:datastream:routing:generateDebugRFile UP-TO-DATE
> Task :genesis:oracledrive:datavein:parseDebugLocalResources UP-TO-DATE
> Task :cascade:datastream:taskmanager:generateDebugRFile UP-TO-DATE
> Task :genesis:oracledrive:datavein:generateDebugRFile UP-TO-DATE
> Task :kai:sentinelsfortress:systemintegrity:parseDebugLocalResources UP-TO-DATE
> Task :kai:sentinelsfortress:security:parseDebugLocalResources UP-TO-DATE
> Task :genesis:oracledrive:rootmanagement:parseDebugLocalResources UP-TO-DATE
> Task :kai:sentinelsfortress:systemintegrity:generateDebugRFile UP-TO-DATE
> Task :genesis:oracledrive:rootmanagement:generateDebugRFile UP-TO-DATE
> Task :kai:sentinelsfortress:threatmonitor:parseDebugLocalResources UP-TO-DATE
> Task :kai:sentinelsfortress:security:generateDebugRFile UP-TO-DATE
> Task :genesis:oracledrive:generateDebugBuildConfig UP-TO-DATE
> Task :core-module:generateDebugBuildConfig UP-TO-DATE
> Task :kai:sentinelsfortress:threatmonitor:generateDebugRFile UP-TO-DATE
> Task :agents:growthmetrics:identity:generateDebugBuildConfig UP-TO-DATE
> Task :core-module:kspDebugKotlin UP-TO-DATE
> Task :genesis:oracledrive:kspDebugKotlin UP-TO-DATE
> Task :agents:growthmetrics:identity:kspDebugKotlin UP-TO-DATE
> Task :core-module:compileDebugKotlin UP-TO-DATE
> Task :genesis:oracledrive:compileDebugKotlin UP-TO-DATE
> Task :core-module:javaPreCompileDebug UP-TO-DATE
> Task :genesis:oracledrive:javaPreCompileDebug UP-TO-DATE
> Task :agents:growthmetrics:identity:compileDebugKotlin UP-TO-DATE
> Task :agents:growthmetrics:identity:javaPreCompileDebug UP-TO-DATE
> Task :core-module:compileDebugJavaWithJavac UP-TO-DATE
> Task :genesis:oracledrive:compileDebugJavaWithJavac UP-TO-DATE
> Task :agents:growthmetrics:identity:compileDebugJavaWithJavac UP-TO-DATE
> Task :genesis:oracledrive:transformDebugClassesWithAsm UP-TO-DATE
> Task :genesis:oracledrive:bundleLibCompileToJarDebug UP-TO-DATE
> Task :agents:growthmetrics:metareflection:generateDebugBuildConfig UP-TO-DATE
> Task :agents:growthmetrics:identity:transformDebugClassesWithAsm UP-TO-DATE
> Task :agents:growthmetrics:identity:bundleLibCompileToJarDebug UP-TO-DATE
> Task :core-module:transformDebugClassesWithAsm UP-TO-DATE
> Task :agents:growthmetrics:nexusmemory:generateDebugBuildConfig UP-TO-DATE
> Task :core-module:bundleLibCompileToJarDebug UP-TO-DATE
> Task :agents:growthmetrics:progression:generateDebugBuildConfig UP-TO-DATE
> Task :agents:growthmetrics:spheregrid:generateDebugBuildConfig UP-TO-DATE
> Task :agents:growthmetrics:metareflection:kspDebugKotlin UP-TO-DATE
> Task :agents:growthmetrics:nexusmemory:kspDebugKotlin UP-TO-DATE
> Task :agents:growthmetrics:spheregrid:kspDebugKotlin UP-TO-DATE
> Task :agents:growthmetrics:metareflection:compileDebugKotlin NO-SOURCE
> Task :agents:growthmetrics:spheregrid:compileDebugKotlin NO-SOURCE
> Task :agents:growthmetrics:metareflection:javaPreCompileDebug UP-TO-DATE
> Task :agents:growthmetrics:spheregrid:javaPreCompileDebug UP-TO-DATE
> Task :agents:growthmetrics:metareflection:compileDebugJavaWithJavac UP-TO-DATE
> Task :agents:growthmetrics:spheregrid:compileDebugJavaWithJavac UP-TO-DATE
> Task :agents:growthmetrics:metareflection:transformDebugClassesWithAsm UP-TO-DATE
> Task :agents:growthmetrics:metareflection:bundleLibCompileToJarDebug UP-TO-DATE
> Task :agents:growthmetrics:metareflection:bundleLibRuntimeToJarDebug UP-TO-DATE
> Task :agents:growthmetrics:spheregrid:transformDebugClassesWithAsm UP-TO-DATE
> Task :agents:growthmetrics:progression:javaPreCompileDebug UP-TO-DATE
> Task :agents:growthmetrics:tasker:generateDebugBuildConfig UP-TO-DATE
> Task :agents:growthmetrics:spheregrid:bundleLibCompileToJarDebug UP-TO-DATE
> Task :agents:growthmetrics:spheregrid:bundleLibRuntimeToJarDebug UP-TO-DATE
> Task :cascade:datastream:routing:generateDebugBuildConfig UP-TO-DATE
> Task :agents:growthmetrics:nexusmemory:compileDebugKotlin UP-TO-DATE
> Task :cascade:datastream:routing:kspDebugKotlin UP-TO-DATE
> Task :agents:growthmetrics:progression:kspDebugKotlin UP-TO-DATE
> Task :cascade:datastream:routing:compileDebugKotlin NO-SOURCE
> Task :agents:growthmetrics:nexusmemory:javaPreCompileDebug UP-TO-DATE
> Task :agents:growthmetrics:progression:compileDebugKotlin NO-SOURCE
> Task :cascade:datastream:routing:javaPreCompileDebug UP-TO-DATE
> Task :agents:growthmetrics:progression:compileDebugJavaWithJavac UP-TO-DATE
> Task :agents:growthmetrics:nexusmemory:compileDebugJavaWithJavac UP-TO-DATE
> Task :cascade:datastream:routing:compileDebugJavaWithJavac UP-TO-DATE
> Task :agents:growthmetrics:nexusmemory:transformDebugClassesWithAsm UP-TO-DATE
> Task :cascade:datastream:routing:transformDebugClassesWithAsm UP-TO-DATE
> Task :agents:growthmetrics:nexusmemory:bundleLibCompileToJarDebug UP-TO-DATE
> Task :cascade:datastream:routing:bundleLibCompileToJarDebug UP-TO-DATE
> Task :cascade:datastream:taskmanager:generateDebugBuildConfig UP-TO-DATE
> Task :cascade:datastream:routing:bundleLibRuntimeToJarDebug UP-TO-DATE
> Task :agents:growthmetrics:tasker:javaPreCompileDebug UP-TO-DATE
> Task :aura:reactivedesign:auraslab:generateDebugBuildConfig UP-TO-DATE
> Task :aura:reactivedesign:auraslab:kspDebugKotlin UP-TO-DATE
> Task :cascade:datastream:taskmanager:kspDebugKotlin UP-TO-DATE
> Task :cascade:datastream:taskmanager:compileDebugKotlin NO-SOURCE
> Task :cascade:datastream:taskmanager:javaPreCompileDebug UP-TO-DATE
> Task :cascade:datastream:taskmanager:compileDebugJavaWithJavac UP-TO-DATE
> Task :aura:reactivedesign:auraslab:compileDebugKotlin UP-TO-DATE
> Task :aura:reactivedesign:auraslab:javaPreCompileDebug UP-TO-DATE
> Task :aura:reactivedesign:auraslab:compileDebugJavaWithJavac UP-TO-DATE
> Task :agents:growthmetrics:progression:transformDebugClassesWithAsm UP-TO-DATE
> Task :agents:growthmetrics:progression:bundleLibCompileToJarDebug UP-TO-DATE
> Task :aura:reactivedesign:chromacore:generateDebugBuildConfig UP-TO-DATE
> Task :aura:reactivedesign:auraslab:transformDebugClassesWithAsm UP-TO-DATE
> Task :aura:reactivedesign:auraslab:bundleLibCompileToJarDebug UP-TO-DATE
> Task :aura:reactivedesign:collabcanvas:generateDebugBuildConfig UP-TO-DATE
> Task :aura:reactivedesign:chromacore:kspDebugKotlin UP-TO-DATE
> Task :aura:reactivedesign:chromacore:compileDebugKotlin UP-TO-DATE
> Task :aura:reactivedesign:chromacore:javaPreCompileDebug UP-TO-DATE
> Task :aura:reactivedesign:collabcanvas:kspDebugKotlin UP-TO-DATE
> Task :aura:reactivedesign:chromacore:compileDebugJavaWithJavac UP-TO-DATE
> Task :aura:reactivedesign:chromacore:transformDebugClassesWithAsm UP-TO-DATE
> Task :aura:reactivedesign:chromacore:bundleLibCompileToJarDebug UP-TO-DATE
> Task :aura:reactivedesign:customization:generateDebugBuildConfig UP-TO-DATE
> Task :aura:reactivedesign:collabcanvas:compileDebugKotlin UP-TO-DATE
> Task :aura:reactivedesign:collabcanvas:javaPreCompileDebug UP-TO-DATE
> Task :aura:reactivedesign:customization:kspDebugKotlin UP-TO-DATE
> Task :aura:reactivedesign:collabcanvas:compileDebugJavaWithJavac UP-TO-DATE
> Task :aura:reactivedesign:customization:compileDebugKotlin UP-TO-DATE
> Task :aura:reactivedesign:customization:javaPreCompileDebug UP-TO-DATE
> Task :aura:reactivedesign:customization:compileDebugJavaWithJavac UP-TO-DATE
> Task :aura:reactivedesign:customization:transformDebugClassesWithAsm UP-TO-DATE
> Task :aura:reactivedesign:customization:bundleLibCompileToJarDebug UP-TO-DATE
> Task :aura:reactivedesign:sandboxui:generateDebugBuildConfig UP-TO-DATE
> Task :aura:reactivedesign:collabcanvas:transformDebugClassesWithAsm UP-TO-DATE
> Task :aura:reactivedesign:collabcanvas:bundleLibCompileToJarDebug UP-TO-DATE
> Task :cascade:datastream:delivery:generateDebugBuildConfig UP-TO-DATE
> Task :app:dataBindingMergeDependencyArtifactsDebug UP-TO-DATE
> Task :cascade:datastream:taskmanager:transformDebugClassesWithAsm UP-TO-DATE
> Task :cascade:datastream:taskmanager:bundleLibCompileToJarDebug UP-TO-DATE
> Task :aura:reactivedesign:sandboxui:kspDebugKotlin UP-TO-DATE
> Task :cascade:datastream:taskmanager:bundleLibRuntimeToJarDebug UP-TO-DATE
> Task :aura:reactivedesign:sandboxui:compileDebugKotlin NO-SOURCE
> Task :aura:reactivedesign:sandboxui:javaPreCompileDebug UP-TO-DATE
> Task :cascade:datastream:delivery:kspDebugKotlin UP-TO-DATE
> Task :cascade:datastream:delivery:compileDebugKotlin NO-SOURCE
> Task :aura:reactivedesign:sandboxui:compileDebugJavaWithJavac UP-TO-DATE
> Task :cascade:datastream:delivery:javaPreCompileDebug UP-TO-DATE
> Task :app:compileDebugAidl UP-TO-DATE
> Task :agents:growthmetrics:tasker:kspDebugKotlin UP-TO-DATE
> Task :app:generateDebugResources UP-TO-DATE
> Task :cascade:datastream:delivery:compileDebugJavaWithJavac UP-TO-DATE
> Task :app:injectCrashlyticsMappingFileIdDebug UP-TO-DATE
> Task :agents:growthmetrics:tasker:compileDebugKotlin NO-SOURCE
> Task :app:injectCrashlyticsVersionControlInfoDebug UP-TO-DATE
> Task :app:processDebugGoogleServices UP-TO-DATE
> Task :agents:growthmetrics:tasker:compileDebugJavaWithJavac UP-TO-DATE
> Task :aura:reactivedesign:sandboxui:transformDebugClassesWithAsm UP-TO-DATE
> Task :aura:reactivedesign:sandboxui:bundleLibCompileToJarDebug UP-TO-DATE
> Task :genesis:oracledrive:datavein:generateDebugBuildConfig UP-TO-DATE
> Task :cascade:datastream:delivery:transformDebugClassesWithAsm UP-TO-DATE
> Task :cascade:datastream:delivery:bundleLibCompileToJarDebug UP-TO-DATE
> Task :app:mergeDebugResources UP-TO-DATE
> Task :agents:growthmetrics:tasker:transformDebugClassesWithAsm UP-TO-DATE
> Task :app:packageDebugResources UP-TO-DATE
> Task :agents:growthmetrics:tasker:bundleLibCompileToJarDebug UP-TO-DATE
> Task :kai:sentinelsfortress:security:generateDebugBuildConfig UP-TO-DATE
> Task :genesis:oracledrive:rootmanagement:generateDebugBuildConfig UP-TO-DATE
> Task :genesis:oracledrive:datavein:kspDebugKotlin UP-TO-DATE
> Task :app:processDebugNavigationResources UP-TO-DATE
> Task :app:parseDebugLocalResources UP-TO-DATE
> Task :kai:sentinelsfortress:security:kspDebugKotlin UP-TO-DATE
> Task :genesis:oracledrive:datavein:compileDebugKotlin UP-TO-DATE
> Task :genesis:oracledrive:datavein:javaPreCompileDebug UP-TO-DATE
> Task :genesis:oracledrive:datavein:compileDebugJavaWithJavac UP-TO-DATE
> Task :app:dataBindingGenBaseClassesDebug UP-TO-DATE
> Task :app:generateDebugBuildConfig UP-TO-DATE
> Task :app:generateDebugRFile UP-TO-DATE
> Task :kai:sentinelsfortress:systemintegrity:generateDebugBuildConfig UP-TO-DATE
> Task :genesis:oracledrive:datavein:transformDebugClassesWithAsm UP-TO-DATE
> Task :genesis:oracledrive:datavein:bundleLibCompileToJarDebug UP-TO-DATE
> Task :kai:sentinelsfortress:threatmonitor:generateDebugBuildConfig UP-TO-DATE
> Task :genesis:oracledrive:rootmanagement:kspDebugKotlin UP-TO-DATE
> Task :kai:sentinelsfortress:threatmonitor:javaPreCompileDebug UP-TO-DATE
> Task :kai:sentinelsfortress:systemintegrity:kspDebugKotlin UP-TO-DATE
> Task :kai:sentinelsfortress:systemintegrity:compileDebugKotlin NO-SOURCE
> Task :kai:sentinelsfortress:systemintegrity:javaPreCompileDebug UP-TO-DATE
> Task :kai:sentinelsfortress:systemintegrity:compileDebugJavaWithJavac UP-TO-DATE
> Task :kai:sentinelsfortress:security:compileDebugKotlin UP-TO-DATE
> Task :kai:sentinelsfortress:security:javaPreCompileDebug UP-TO-DATE
> Task :kai:sentinelsfortress:security:compileDebugJavaWithJavac UP-TO-DATE
> Task :kai:sentinelsfortress:systemintegrity:transformDebugClassesWithAsm UP-TO-DATE
> Task :kai:sentinelsfortress:systemintegrity:bundleLibCompileToJarDebug UP-TO-DATE
> Task :kai:sentinelsfortress:security:transformDebugClassesWithAsm UP-TO-DATE
> Task :kai:sentinelsfortress:security:bundleLibCompileToJarDebug UP-TO-DATE
> Task :kai:sentinelsfortress:security:bundleLibRuntimeToJarDebug UP-TO-DATE
> Task :genesis:oracledrive:rootmanagement:compileDebugKotlin UP-TO-DATE
> Task :genesis:oracledrive:rootmanagement:javaPreCompileDebug UP-TO-DATE
> Task :genesis:oracledrive:rootmanagement:compileDebugJavaWithJavac UP-TO-DATE
> Task :kai:sentinelsfortress:threatmonitor:kspDebugKotlin UP-TO-DATE
> Task :kai:sentinelsfortress:threatmonitor:compileDebugKotlin NO-SOURCE
> Task :kai:sentinelsfortress:threatmonitor:compileDebugJavaWithJavac UP-TO-DATE
> Task :genesis:oracledrive:rootmanagement:transformDebugClassesWithAsm UP-TO-DATE
> Task :genesis:oracledrive:rootmanagement:bundleLibCompileToJarDebug UP-TO-DATE
> Task :kai:sentinelsfortress:threatmonitor:transformDebugClassesWithAsm UP-TO-DATE
> Task :kai:sentinelsfortress:threatmonitor:bundleLibCompileToJarDebug UP-TO-DATE
> Task :app:kspDebugKotlin UP-TO-DATE

> Task :app:compileDebugKotlin FAILED
.\gradlew : e: file:///C:/LDO
-AiAOSP-ReGenesis/app/src/mai
n/java/dev/aurakai/auraframef
x/ai/services/KaiAIService.kt
:76:92 Argument type 
mismatch: actual type is 
'Float', but 'String' was 
expected.
At line:1 char:1
+ .\gradlew 
:app:compileDebugKotlin 2>&1 
| Out-File -FilePath 
build_err ...
+ ~~~~~~~~~~~~~~~~~~~~~~~~~~~
~~~~~~~~~~~
    + CategoryInfo           
   : NotSpecified: (e: file  
  :///C:/L...' was expecte   
 d.:String) [], RemoteExc    
eption
    + FullyQualifiedErrorId  
   : NativeCommandError
 
e: file:///C:/LDO-AiAOSP-ReGe
nesis/app/src/main/java/dev/a
urakai/auraframefx/ai/service
s/KaiAIService.kt:80:80 
Argument type mismatch: 
actual type is 'Float', but 
'String' was expected.
e: file:///C:/LDO-AiAOSP-ReGe
nesis/app/src/main/java/dev/a
urakai/auraframefx/app/ipc/IA
uraDriveService.kt:59:25 
Unresolved reference 
'mRemote'.
e: file:///C:/LDO-AiAOSP-ReGe
nesis/app/src/main/java/dev/a
urakai/auraframefx/app/ipc/IA
uraDriveService.kt:59:25 
Only expressions are allowed 
in this context.
e: file:///C:/LDO-AiAOSP-ReGe
nesis/app/src/main/java/dev/a
urakai/auraframefx/aura/AuraA
gent.kt:176:49 Argument type 
mismatch: actual type is 
'JsonObject', but 
'Map<String, String>' was 
expected.
e: file:///C:/LDO-AiAOSP-ReGe
nesis/app/src/main/java/dev/a
urakai/auraframefx/aura/AuraA
gent.kt:215:23 Argument type 
mismatch: actual type is 
'Any', but 'String' was 
expected.
e: file:///C:/LDO-AiAOSP-ReGe
nesis/app/src/main/java/dev/a
urakai/auraframefx/aura/AuraA
gent.kt:339:13 No parameter 
with name 'primaryColor' 
found.
e: file:///C:/LDO-AiAOSP-ReGe
nesis/app/src/main/java/dev/a
urakai/auraframefx/aura/AuraA
gent.kt:439:30 Argument type 
mismatch: actual type is 
'Double', but 'Float' was 
expected.
e: file:///C:/LDO-AiAOSP-ReGe
nesis/app/src/main/java/dev/a
urakai/auraframefx/aura/ui/Ho
meScreen.kt:39:48 Unresolved 
reference 'cyberEdgeGlow'.
e: file:///C:/LDO-AiAOSP-ReGe
nesis/app/src/main/java/dev/a
urakai/auraframefx/aura/ui/Ho
meScreen.kt:40:48 Unresolved 
reference 
'digitalPixelEffect'.
e: file:///C:/LDO-AiAOSP-ReGe
nesis/app/src/main/java/dev/a
urakai/auraframefx/aura/ui/Ho
meScreen.kt:450:14 
Unresolved reference 
'digitalPixelEffect'.
e: file:///C:/LDO-AiAOSP-ReGe
nesis/app/src/main/java/dev/a
urakai/auraframefx/aura/ui/Qu
ickSettingsConfigActivity.kt:
76:43 Assignment type 
mismatch: actual type is 'dev
.aurakai.auraframefx.system.q
uicksettings.QuickSettingsCon
fig', but 'dev.aurakai.aurafr
amefx.ui.QuickSettingsConfig?
' was expected.
e: file:///C:/LDO-AiAOSP-ReGe
nesis/app/src/main/java/dev/a
urakai/auraframefx/aura/ui/Qu
ickSettingsConfigActivity.kt:
77:43 Argument type 
mismatch: actual type is 'Lis
t<dev.aurakai.auraframefx.sys
tem.quicksettings.QuickSettin
gsTileConfig>', but 'List<dev
.aurakai.auraframefx.ui.Quick
SettingsTileConfig>' was 
expected.
e: file:///C:/LDO-AiAOSP-ReGe
nesis/app/src/main/java/dev/a
urakai/auraframefx/aura/ui/Qu
ickSettingsConfigActivity.kt:
282:89 Argument type 
mismatch: actual type is 'dev
.aurakai.auraframefx.ui.Quick
SettingsConfig', but 'dev.aur
akai.auraframefx.system.quick
settings.QuickSettingsConfig'
 was expected.
e: file:///C:/LDO-AiAOSP-ReGe
nesis/app/src/main/java/dev/a
urakai/auraframefx/aura/ui/ap
plyScaleAnimation.kt:20:37 
Unresolved reference 
'Companion'.
e: file:///C:/LDO-AiAOSP-ReGe
nesis/app/src/main/java/dev/a
urakai/auraframefx/aurakaiapp
lication/AurakaiApplication.k
t:67:53 Unresolved reference 
'encased'.
e: file:///C:/LDO-AiAOSP-ReGe
nesis/app/src/main/java/dev/a
urakai/auraframefx/cascade/Ca
scadeAgent.kt:764:32 
Unresolved reference 'model'.
e: file:///C:/LDO-AiAOSP-ReGe
nesis/app/src/main/java/dev/a
urakai/auraframefx/cascade/Ca
scadeAgent.kt:767:40 
Unresolved reference 'model'.
e: file:///C:/LDO-AiAOSP-ReGe
nesis/app/src/main/java/dev/a
urakai/auraframefx/cascade/Ca
scadeZOrderPlayground.kt:22:4
7 Initializer type mismatch: 
expected 'StateFlow<dev.aurak
ai.auraframefx.models.agent_s
tates.VisionState>', actual '
StateFlow<dev.aurakai.aurafra
mefx.cascade.VisionState>'.
e: file:///C:/LDO-AiAOSP-ReGe
nesis/app/src/main/java/dev/a
urakai/auraframefx/cascade/Ca
scadeZOrderPlayground.kt:23:5
5 Initializer type mismatch: 
expected 'StateFlow<dev.aurak
ai.auraframefx.models.agent_s
tates.ProcessingState>', 
actual 'StateFlow<dev.aurakai
.auraframefx.cascade.Processi
ngState>'.
e: file:///C:/LDO-AiAOSP-ReGe
nesis/app/src/main/java/dev/a
urakai/auraframefx/cascade/Ca
scadeZOrderPlayground.kt:31:4
0 Argument type mismatch: 
actual type is 'dev.aurakai.a
uraframefx.models.agent_state
s.VisionState', but 'dev.aura
kai.auraframefx.cascade.Visio
nState' was expected.
e: file:///C:/LDO-AiAOSP-ReGe
nesis/app/src/main/java/dev/a
urakai/auraframefx/cascade/Ca
scadeZOrderPlayground.kt:35:4
4 Argument type mismatch: 
actual type is 'dev.aurakai.a
uraframefx.models.agent_state
s.ProcessingState', but 'dev.
aurakai.auraframefx.cascade.P
rocessingState' was expected.
e: file:///C:/LDO-AiAOSP-ReGe
nesis/app/src/main/java/dev/a
urakai/auraframefx/cascade/tr
inity/TrinityModule.kt:82:36 
Argument type mismatch: 
actual type is 'dev.aurakai.a
uraframefx.oracledrive.genesi
s.ai.services.GenesisBridgeSe
rvice', but 'dev.aurakai.aura
framefx.oracledrive.genesis.a
i.GenesisBridgeService' was 
expected.
e: file:///C:/LDO-AiAOSP-ReGe
nesis/app/src/main/java/dev/a
urakai/auraframefx/cascade/tr
inity/TrinityModule.kt:101:36
 Argument type mismatch: 
actual type is 'dev.aurakai.a
uraframefx.oracledrive.genesi
s.ai.services.GenesisBridgeSe
rvice', but 'dev.aurakai.aura
framefx.ai.services.GenesisBr
idgeService' was expected.
e: file:///C:/LDO-AiAOSP-ReGe
nesis/app/src/main/java/dev/a
urakai/auraframefx/cascade/tr
inity/TrinityRepository.kt:42
:50 Unresolved reference 
'getAgentStatus'.
e: file:///C:/LDO-AiAOSP-ReGe
nesis/app/src/main/java/dev/a
urakai/auraframefx/cascade/tr
inity/TrinityRepository.kt:52
:61 Receiver type 'Number & 
Comparable<*>' contains star 
projection which prohibits 
the use of 'fun 
compareTo(other: T): Int'.
e: file:///C:/LDO-AiAOSP-ReGe
nesis/app/src/main/java/dev/a
urakai/auraframefx/cascade/tr
inity/TrinityRepository.kt:57
:24 Argument type mismatch: 
actual type is 'Map<String, 
Any> & Map<String, Any>', 
but 'Map<String, String>' 
was expected.
e: file:///C:/LDO-AiAOSP-ReGe
nesis/app/src/main/java/dev/a
urakai/auraframefx/cascade/tr
inity/TrinityRepository.kt:61
:85 Overload resolution 
ambiguity between candidates:
typealias AgentResponse = 
AgentResponse
data class AgentResponse : 
Any
e: file:///C:/LDO-AiAOSP-ReGe
nesis/app/src/main/java/dev/a
urakai/auraframefx/cascade/tr
inity/TrinityRepository.kt:63
:50 Unresolved reference 
'processAgentRequest'.
e: file:///C:/LDO-AiAOSP-ReGe
nesis/app/src/main/java/dev/a
urakai/auraframefx/cascade/tr
inity/TrinityRepository.kt:64
:18 Cannot infer type for 
type parameter 'T'. Specify 
it explicitly.
e: file:///C:/LDO-AiAOSP-ReGe
nesis/app/src/main/java/dev/a
urakai/auraframefx/cascade/tr
inity/TrinityRepository.kt:64
:18 Argument type mismatch: 
actual type is 
'Result<uninferred T (of fun 
<T> success)>', but 
'Result<ERROR CLASS: 
Ambiguity: AgentResponse, [de
v/aurakai/auraframefx/network
/model/AgentResponse, dev/aur
akai/auraframefx/models/Agent
Response]>' was expected.
e: file:///C:/LDO-AiAOSP-ReGe
nesis/app/src/main/java/dev/a
urakai/auraframefx/cascade/tr
inity/TrinityRepository.kt:66
:18 Cannot infer type for 
type parameter 'T'. Specify 
it explicitly.
e: file:///C:/LDO-AiAOSP-ReGe
nesis/app/src/main/java/dev/a
urakai/auraframefx/cascade/tr
inity/TrinityRepository.kt:66
:18 Argument type mismatch: 
actual type is 
'Result<uninferred T (of fun 
<T> failure)>', but 
'Result<ERROR CLASS: 
Ambiguity: AgentResponse, [de
v/aurakai/auraframefx/network
/model/AgentResponse, dev/aur
akai/auraframefx/models/Agent
Response]>' was expected.
e: file:///C:/LDO-AiAOSP-ReGe
nesis/app/src/main/java/dev/a
urakai/auraframefx/cascade/tr
inity/TrinityViewModel.kt:106
:24 Cannot infer type for 
type parameter 'T'. Specify 
it explicitly.
e: file:///C:/LDO-AiAOSP-ReGe
nesis/app/src/main/java/dev/a
urakai/auraframefx/cascade/tr
inity/TrinityViewModel.kt:106
:24 Unresolved reference. 
None of the following 
candidates is applicable 
because of a receiver type 
mismatch:
fun <T> 
Result<T>.onSuccess(action: 
(T) -> Unit): Result<T>
e: file:///C:/LDO-AiAOSP-ReGe
nesis/app/src/main/java/dev/a
urakai/auraframefx/cascade/tr
inity/TrinityViewModel.kt:106
:36 Cannot infer type for 
type parameter 'T'. Specify 
it explicitly.
e: file:///C:/LDO-AiAOSP-ReGe
nesis/app/src/main/java/dev/a
urakai/auraframefx/cascade/tr
inity/TrinityViewModel.kt:113
:19 Cannot infer type for 
type parameter 'T'. Specify 
it explicitly.
e: file:///C:/LDO-AiAOSP-ReGe
nesis/app/src/main/java/dev/a
urakai/auraframefx/di/NeuralW
hisperModule.kt:29:39 Too 
many arguments for 
'constructor(context: 
Context): NeuralWhisper'.
e: file:///C:/LDO-AiAOSP-ReGe
nesis/app/src/main/java/dev/a
urakai/auraframefx/di/OracleD
riveModule.kt:101:38 
Unresolved reference 
'getApiBaseUrl'.
e: file:///C:/LDO-AiAOSP-ReGe
nesis/app/src/main/java/dev/a
urakai/auraframefx/di/OracleD
riveModule.kt:102:14 
Unresolved reference 
'client'.
e: file:///C:/LDO-AiAOSP-ReGe
nesis/app/src/main/java/dev/a
urakai/auraframefx/genesis/br
idge/BridgeMemorySink.kt:11:1
07 Unresolved reference 
'AgentMemoryEntity'.
e: file:///C:/LDO-AiAOSP-ReGe
nesis/app/src/main/java/dev/a
urakai/auraframefx/genesis/br
idge/BridgeMemorySink.kt:34:8
 Return type of 'suspend fun 
queryRelevantMemories(persona
: Persona, contextTags: 
List<String>, limit: Int): 
List<MemoryEntity>' is not a 
subtype of the return type 
of the overridden member 
'suspend fun queryRelevantMem
ories(persona: Persona, 
contextTags: List<String>, 
limit: Int = ...): 
List<ERROR CLASS: Symbol not 
found for 
AgentMemoryEntity>' defined 
in 'dev.aurakai.auraframefx.g
enesis.bridge.BridgeMemorySin
k'.
e: file:///C:/LDO-AiAOSP-ReGe
nesis/app/src/main/java/dev/a
urakai/auraframefx/genesis/br
idge/BridgeMemorySink.kt:35:7
2 Unresolved reference 
'first'.
e: file:///C:/LDO-AiAOSP-ReGe
nesis/app/src/main/java/dev/a
urakai/auraframefx/genesis/st
orage/SecureStorage.kt:5:52 
Unresolved reference 
'FileMetadata'.
e: file:///C:/LDO-AiAOSP-ReGe
nesis/app/src/main/java/dev/a
urakai/auraframefx/kai/KaiAge
nt.kt:78:13 No parameter 
with name 'agentId' found.
e: file:///C:/LDO-AiAOSP-ReGe
nesis/app/src/main/java/dev/a
urakai/auraframefx/kai/KaiAge
nt.kt:79:13 No parameter 
with name 'sessionId' found.
e: file:///C:/LDO-AiAOSP-ReGe
nesis/app/src/main/java/dev/a
urakai/auraframefx/kai/KaiAge
nt.kt:198:22 Only safe (?.) 
or non-null asserted (!!.) 
calls are allowed on a 
nullable receiver of type 
'Map<String, String>?'.
e: file:///C:/LDO-AiAOSP-ReGe
nesis/app/src/main/java/dev/a
urakai/auraframefx/kai/KaiAge
nt.kt:214:26 Only safe (?.) 
or non-null asserted (!!.) 
calls are allowed on a 
nullable receiver of type 
'Map<String, String>?'.
e: file:///C:/LDO-AiAOSP-ReGe
nesis/app/src/main/java/dev/a
urakai/auraframefx/kai/KaiAge
nt.kt:228:25 Only safe (?.) 
or non-null asserted (!!.) 
calls are allowed on a 
nullable receiver of type 
'Map<String, String>?'.
e: file:///C:/LDO-AiAOSP-ReGe
nesis/app/src/main/java/dev/a
urakai/auraframefx/kai/KaiAge
nt.kt:243:20 Only safe (?.) 
or non-null asserted (!!.) 
calls are allowed on a 
nullable receiver of type 
'Map<String, String>?'.
e: file:///C:/LDO-AiAOSP-ReGe
nesis/app/src/main/java/dev/a
urakai/auraframefx/kai/KaiAge
nt.kt:250:16 Return type 
mismatch: expected 
'Map<String, Any>', actual 
'Map<String, Any?>'.
e: file:///C:/LDO-AiAOSP-ReGe
nesis/app/src/main/java/dev/a
urakai/auraframefx/kai/TaskEx
ecutionModel.kt:57:26 
Unresolved reference 
'InstantSerializer'.
e: file:///C:/LDO-AiAOSP-ReGe
nesis/app/src/main/java/dev/a
urakai/auraframefx/kai/TaskEx
ecutionModel.kt:57:26 
Annotation argument must be 
a compile-time constant.
e: file:///C:/LDO-AiAOSP-ReGe
nesis/app/src/main/java/dev/a
urakai/auraframefx/navigation
/AppNavGraph.kt:238:13 No 
context argument for 
'viewModel: 
SupportChatViewModel' found.
e: file:///C:/LDO-AiAOSP-ReGe
nesis/app/src/main/java/dev/a
urakai/auraframefx/navigation
/GenesisNavigation.kt:202:17 
Unresolved reference 
'AuraLabScreen'.
e: file:///C:/LDO-AiAOSP-ReGe
nesis/app/src/main/java/dev/a
urakai/auraframefx/navigation
/GenesisNavigation.kt:221:17 
Unresolved reference 
'AgentHubSubmenuScreen'.
e: file:///C:/LDO-AiAOSP-ReGe
nesis/app/src/main/java/dev/a
urakai/auraframefx/navigation
/GenesisNavigation.kt:227:17 
Unresolved reference 
'XposedQuickAccessPanel'.
e: file:///C:/LDO-AiAOSP-ReGe
nesis/app/src/main/java/dev/a
urakai/auraframefx/navigation
/GenesisNavigation.kt:233:17 
Unresolved reference 
'CollabCanvasScreen'.
e: file:///C:/LDO-AiAOSP-ReGe
nesis/app/src/main/java/dev/a
urakai/auraframefx/navigation
/GenesisNavigation.kt:236:17 
Unresolved reference 
'CollabCanvasScreen'.
e: file:///C:/LDO-AiAOSP-ReGe
nesis/app/src/main/java/dev/a
urakai/auraframefx/navigation
/GenesisNavigation.kt:285:17 
Unresolved reference 
'ThemeEngineSubmenuScreen'.
e: file:///C:/LDO-AiAOSP-ReGe
nesis/app/src/main/java/dev/a
urakai/auraframefx/network/mo
del/ApiImplementations.kt:33:
5 'getAgentStatus' overrides 
nothing.
e: file:///C:/LDO-AiAOSP-ReGe
nesis/app/src/main/java/dev/a
urakai/auraframefx/network/mo
del/ApiImplementations.kt:36:
13 No parameter with name 
'response' found.
e: file:///C:/LDO-AiAOSP-ReGe
nesis/app/src/main/java/dev/a
urakai/auraframefx/network/mo
del/ApiImplementations.kt:37:
26 Argument type mismatch: 
actual type is 'Float', but 
'Double' was expected.
e: file:///C:/LDO-AiAOSP-ReGe
nesis/app/src/main/java/dev/a
urakai/auraframefx/network/mo
del/ApiImplementations.kt:38:
13 No value passed for 
parameter 'status'.
e: file:///C:/LDO-AiAOSP-ReGe
nesis/app/src/main/java/dev/a
urakai/auraframefx/network/mo
del/ApiImplementations.kt:42:
5 'processAgentRequest' 
overrides nothing.
e: file:///C:/LDO-AiAOSP-ReGe
nesis/app/src/main/java/dev/a
urakai/auraframefx/network/mo
del/ApiImplementations.kt:48:
24 Argument type mismatch: 
actual type is 'Map<String, 
String>?', but 'Map<String, 
Any>' was expected.
e: file:///C:/LDO-AiAOSP-ReGe
nesis/app/src/main/java/dev/a
urakai/auraframefx/oracledriv
e/OracleDriveManager.kt:54:32
 Unresolved reference 
'isValid'.
e: file:///C:/LDO-AiAOSP-ReGe
nesis/app/src/main/java/dev/a
urakai/auraframefx/oracledriv
e/OracleDriveManager.kt:55:77
 Unresolved reference 
'reason'.
e: file:///C:/LDO-AiAOSP-ReGe
nesis/app/src/main/java/dev/a
urakai/auraframefx/oracledriv
e/genesis/ai/AuraAgentAlias.k
t:4:57 Unresolved reference 
'AuraAgent'.
e: file:///C:/LDO-AiAOSP-ReGe
nesis/app/src/main/java/dev/a
urakai/auraframefx/oracledriv
e/genesis/ai/GenesisBackendSe
rvice.kt:29:39 Unresolved 
reference 
'PythonProcessManager'.
e: file:///C:/LDO-AiAOSP-ReGe
nesis/app/src/main/java/dev/a
urakai/auraframefx/oracledriv
e/genesis/ai/GenesisBackendSe
rvice.kt:42:32 Unresolved 
reference 
'PythonProcessManager'.
e: file:///C:/LDO-AiAOSP-ReGe
nesis/app/src/main/java/dev/a
urakai/auraframefx/oracledriv
e/genesis/ai/GenesisBackendSe
rvice.kt:46:49 Unresolved 
reference 
'startGenesisBackend'.
e: file:///C:/LDO-AiAOSP-ReGe
nesis/app/src/main/java/dev/a
urakai/auraframefx/oracledriv
e/genesis/ai/GenesisBackendSe
rvice.kt:69:31 Unresolved 
reference 'shutdown'.
e: file:///C:/LDO-AiAOSP-ReGe
nesis/app/src/main/java/dev/a
urakai/auraframefx/oracledriv
e/genesis/ai/GenesisBackendSe
rvice.kt:76:38 Unresolved 
reference 'sendRequest'.
e: file:///C:/LDO-AiAOSP-ReGe
nesis/app/src/main/java/dev/a
urakai/auraframefx/oracledriv
e/genesis/ai/GenesisBridgeSer
vice.kt:32:26 None of the 
following candidates is 
applicable:

fun HttpRequestBuilder.Compan
ion.invoke(url: URL): 
HttpRequestBuilder:
  Unresolved reference. None 
of the following candidates 
is applicable because of a 
receiver type mismatch:
fun HttpRequestBuilder.Compan
ion.invoke(url: URL): 
HttpRequestBuilder

fun HttpRequestBuilder.Compan
ion.invoke(block: 
URLBuilder.() -> Unit): 
HttpRequestBuilder:
  Unresolved reference. None 
of the following candidates 
is applicable because of a 
receiver type mismatch:
fun HttpRequestBuilder.Compan
ion.invoke(block: 
URLBuilder.() -> Unit): 
HttpRequestBuilder

fun HttpRequestBuilder.Compan
ion.invoke(scheme: String? = 
..., host: String? = ..., 
port: Int? = ..., path: 
String? = ..., block: 
URLBuilder.() -> Unit = 
...): HttpRequestBuilder:
  Unresolved reference. None 
of the following candidates 
is applicable because of a 
receiver type mismatch:
fun HttpRequestBuilder.Compan
ion.invoke(scheme: String? = 
..., host: String? = ..., 
port: Int? = ..., path: 
String? = ..., block: 
URLBuilder.() -> Unit = 
...): HttpRequestBuilder

fun Url.Companion.invoke(full
Url: String): Url:
  Unresolved reference. None 
of the following candidates 
is applicable because of a 
receiver type mismatch:
fun Url.Companion.invoke(full
Url: String): Url

suspend fun <T> CoroutineDisp
atcher.invoke(noinline 
block: suspend 
CoroutineScope.() -> T): T:
  Unresolved reference. None 
of the following candidates 
is applicable because of a 
receiver type mismatch:
suspend fun <T> CoroutineDisp
atcher.invoke(noinline 
block: suspend 
CoroutineScope.() -> T): T
e: file:///C:/LDO-AiAOSP-ReGe
nesis/app/src/main/java/dev/a
urakai/auraframefx/oracledriv
e/genesis/ai/GenesisBridgeSer
vice.kt:76:43 Too many 
arguments for 'fun 
JsonElement.error(element: 
String): Nothing'.
e: file:///C:/LDO-AiAOSP-ReGe
nesis/app/src/main/java/dev/a
urakai/auraframefx/oracledriv
e/genesis/ai/GenesisBridgeSer
vice.kt:76:76 Too many 
arguments for 'fun 
JsonElement.error(element: 
String): Nothing'.
e: file:///C:/LDO-AiAOSP-ReGe
nesis/app/src/main/java/dev/a
urakai/auraframefx/oracledriv
e/genesis/ai/GenesisBridgeSer
vice.kt:116:40 Unresolved 
reference 'debug'.
e: file:///C:/LDO-AiAOSP-ReGe
nesis/app/src/main/java/dev/a
urakai/auraframefx/oracledriv
e/genesis/ai/GenesisBridgeSer
vice.kt:194:43 Too many 
arguments for 'fun 
JsonElement.error(element: 
String): Nothing'.
e: file:///C:/LDO-AiAOSP-ReGe
nesis/app/src/main/java/dev/a
urakai/auraframefx/oracledriv
e/genesis/ai/GenesisBridgeSer
vice.kt:194:80 Too many 
arguments for 'fun 
JsonElement.error(element: 
String): Nothing'.
e: file:///C:/LDO-AiAOSP-ReGe
nesis/app/src/main/java/dev/a
urakai/auraframefx/oracledriv
e/genesis/ai/RealVertexAIClie
ntImpl.kt:298:83 Unresolved 
reference 'AI_ERROR'.
e: file:///C:/LDO-AiAOSP-ReGe
nesis/app/src/main/java/dev/a
urakai/auraframefx/oracledriv
e/genesis/ai/RealVertexAIClie
ntImpl.kt:300:83 Unresolved 
reference 'HIGH'.
e: file:///C:/LDO-AiAOSP-ReGe
nesis/app/src/main/java/dev/a
urakai/auraframefx/oracledriv
e/genesis/ai/clients/VertexAI
ClientImpl.kt:211:21 
Argument type mismatch: 
actual type is 
'Serializable', but 
'Pair<uninferred K (of fun 
<K, V> mapOf), uninferred V 
(of fun <K, V> mapOf)>' was 
expected.
e: file:///C:/LDO-AiAOSP-ReGe
nesis/app/src/main/java/dev/a
urakai/auraframefx/oracledriv
e/genesis/ai/clients/VertexAI
ClientImpl.kt:212:21 
Argument type mismatch: 
actual type is 
'Serializable', but 
'Pair<uninferred K (of fun 
<K, V> mapOf), uninferred V 
(of fun <K, V> mapOf)>' was 
expected.
e: file:///C:/LDO-AiAOSP-ReGe
nesis/app/src/main/java/dev/a
urakai/auraframefx/oracledriv
e/genesis/ai/services/AuraAIS
erviceImpl.kt:5:55 
Unresolved reference 'error'.
e: file:///C:/LDO-AiAOSP-ReGe
nesis/app/src/main/java/dev/a
urakai/auraframefx/oracledriv
e/genesis/ai/services/AuraAIS
erviceImpl.kt:8:60 
Unresolved reference 
'execution'.
e: file:///C:/LDO-AiAOSP-ReGe
nesis/app/src/main/java/dev/a
urakai/auraframefx/oracledriv
e/genesis/ai/services/AuraAIS
erviceImpl.kt:14:41 
Unresolved reference 
'TaskExecutionManager'.
e: file:///C:/LDO-AiAOSP-ReGe
nesis/app/src/main/java/dev/a
urakai/auraframefx/oracledriv
e/genesis/ai/services/AuraAIS
erviceImpl.kt:16:33 
Unresolved reference 
'ErrorHandler'.
e: file:///C:/LDO-AiAOSP-ReGe
nesis/app/src/main/java/dev/a
urakai/auraframefx/oracledriv
e/genesis/ai/services/Cascade
AIService.kt:155:42 
Unresolved reference 
'DataveinConstructor'.
e: file:///C:/LDO-AiAOSP-ReGe
nesis/app/src/main/java/dev/a
urakai/auraframefx/oracledriv
e/genesis/ai/services/Cascade
AIService.kt:474:31 
Unresolved reference 
'GenKitMaster'.
e: file:///C:/LDO-AiAOSP-ReGe
nesis/app/src/main/java/dev/a
urakai/auraframefx/oracledriv
e/genesis/ai/services/Cascade
AIService.kt:512:31 
Unresolved reference 
'DataveinConstructor'.
e: file:///C:/LDO-AiAOSP-ReGe
nesis/app/src/main/java/dev/a
urakai/auraframefx/oracledriv
e/genesis/ai/services/Genesis
BridgeService.kt:136:29 
Unresolved reference 
'AgentType'.
e: file:///C:/LDO-AiAOSP-ReGe
nesis/app/src/main/java/dev/a
urakai/auraframefx/oracledriv
e/genesis/ai/services/Genesis
BridgeService.kt:173:41 
Unresolved reference 
'AgentType'.
e: file:///C:/LDO-AiAOSP-ReGe
nesis/app/src/main/java/dev/a
urakai/auraframefx/oracledriv
e/genesis/ai/services/Genesis
BridgeService.kt:185:41 
Unresolved reference 
'AgentType'.
e: file:///C:/LDO-AiAOSP-ReGe
nesis/app/src/main/java/dev/a
urakai/auraframefx/oracledriv
e/genesis/ai/services/Genesis
BridgeService.kt:197:41 
Unresolved reference 
'AgentType'.
e: file:///C:/LDO-AiAOSP-ReGe
nesis/app/src/main/java/dev/a
urakai/auraframefx/oracledriv
e/genesis/ai/services/Genesis
BridgeService.kt:215:33 
Unresolved reference 
'AgentType'.
e: file:///C:/LDO-AiAOSP-ReGe
nesis/app/src/main/java/dev/a
urakai/auraframefx/oracledriv
e/genesis/ai/services/Genesis
BridgeService.kt:226:29 
Unresolved reference 
'AgentType'.
e: file:///C:/LDO-AiAOSP-ReGe
nesis/app/src/main/java/dev/a
urakai/auraframefx/oracledriv
e/genesis/ai/services/MockAIS
erviceImplementations.kt:9:55
 Unresolved reference 
'agents'.
e: file:///C:/LDO-AiAOSP-ReGe
nesis/app/src/main/java/dev/a
urakai/auraframefx/oracledriv
e/genesis/ai/services/MockAIS
erviceImplementations.kt:15:2
7 Unresolved reference 
'Agent'.
e: file:///C:/LDO-AiAOSP-ReGe
nesis/app/src/main/java/dev/a
urakai/auraframefx/oracledriv
e/genesis/ai/services/MockAIS
erviceImplementations.kt:75:2
6 Unresolved reference 
'Agent'.
e: file:///C:/LDO-AiAOSP-ReGe
nesis/app/src/main/java/dev/a
urakai/auraframefx/oracledriv
e/genesis/ai/services/MockAIS
erviceImplementations.kt:133:
30 Unresolved reference 
'Agent'.
e: file:///C:/LDO-AiAOSP-ReGe
nesis/app/src/main/java/dev/a
urakai/auraframefx/oracledriv
e/genesis/ai/services/VertexC
loudService.kt:47:31 
Serializer has not been 
found for type 'Any'. To use 
context serializer as 
fallback, explicitly 
annotate type or property 
with @Contextual
e: file:///C:/LDO-AiAOSP-ReGe
nesis/app/src/main/java/dev/a
urakai/auraframefx/oracledriv
e/genesis/ai/services/VertexC
loudService.kt:70:34 
Unresolved reference 
'isSecure'.
e: file:///C:/LDO-AiAOSP-ReGe
nesis/app/src/main/java/dev/a
urakai/auraframefx/oracledriv
e/genesis/ai/services/VertexC
loudService.kt:77:28 
Unresolved reference 
'initialize'.
e: file:///C:/LDO-AiAOSP-ReGe
nesis/app/src/main/java/dev/a
urakai/auraframefx/oracledriv
e/genesis/ai/services/VertexC
loudService.kt:150:32 
Argument type mismatch: 
actual type is 'Map<String, 
String?>', but 'Map<String, 
Any>' was expected.
e: file:///C:/LDO-AiAOSP-ReGe
nesis/app/src/main/java/dev/a
urakai/auraframefx/oracledriv
e/genesis/ai/services/VertexC
loudService.kt:303:28 
Unresolved reference 
'cleanup'.
e: file:///C:/LDO-AiAOSP-ReGe
nesis/app/src/main/java/dev/a
urakai/auraframefx/oracledriv
e/genesis/ai/viewmodel/Genesi
sAgentViewModel.kt:55:42 
Unresolved reference 
'MASTER'.
e: file:///C:/LDO-AiAOSP-ReGe
nesis/app/src/main/java/dev/a
urakai/auraframefx/oracledriv
e/genesis/ai/viewmodel/Genesi
sAgentViewModel.kt:61:42 
Unresolved reference 
'BRIDGE'.
e: file:///C:/LDO-AiAOSP-ReGe
nesis/app/src/main/java/dev/a
urakai/auraframefx/oracledriv
e/genesis/ai/viewmodel/Genesi
sAgentViewModel.kt:67:42 
Unresolved reference 
'AUXILIARY'.
e: file:///C:/LDO-AiAOSP-ReGe
nesis/app/src/main/java/dev/a
urakai/auraframefx/oracledriv
e/genesis/ai/viewmodel/Genesi
sAgentViewModel.kt:73:42 
Unresolved reference 
'AUXILIARY'.
e: file:///C:/LDO-AiAOSP-ReGe
nesis/app/src/main/java/dev/a
urakai/auraframefx/oracledriv
e/genesis/ai/viewmodel/Genesi
sAgentViewModel.kt:181:13 No 
parameter with name 'id' 
found.
e: file:///C:/LDO-AiAOSP-ReGe
nesis/app/src/main/java/dev/a
urakai/auraframefx/oracledriv
e/genesis/ai/viewmodel/Genesi
sAgentViewModel.kt:182:13 No 
parameter with name 
'agentType' found.
e: file:///C:/LDO-AiAOSP-ReGe
nesis/app/src/main/java/dev/a
urakai/auraframefx/oracledriv
e/genesis/ai/viewmodel/Genesi
sAgentViewModel.kt:183:13 No 
parameter with name 
'description' found.
e: file:///C:/LDO-AiAOSP-ReGe
nesis/app/src/main/java/dev/a
urakai/auraframefx/oracledriv
e/genesis/ai/viewmodel/Genesi
sAgentViewModel.kt:184:13 No 
parameter with name 
'timestamp' found.
e: file:///C:/LDO-AiAOSP-ReGe
nesis/app/src/main/java/dev/a
urakai/auraframefx/oracledriv
e/genesis/ai/viewmodel/Genesi
sAgentViewModel.kt:185:13 No 
parameter with name 'status' 
found.
e: file:///C:/LDO-AiAOSP-ReGe
nesis/app/src/main/java/dev/a
urakai/auraframefx/oracledriv
e/genesis/ai/viewmodel/Genesi
sAgentViewModel.kt:185:13 No 
value passed for parameter 
'task'.
e: file:///C:/LDO-AiAOSP-ReGe
nesis/app/src/main/java/dev/a
urakai/auraframefx/oracledriv
e/genesis/ai/viewmodel/Genesi
sAgentViewModel.kt:221:39 
Operator '==' cannot be 
applied to 'dev.aurakai.auraf
ramefx.models.AgentPriority' 
and 'AgentPriority'.
e: file:///C:/LDO-AiAOSP-ReGe
nesis/app/src/main/java/dev/a
urakai/auraframefx/oracledriv
e/genesis/cloud/CloudStorageP
roviderImpl.kt:14:6 Class 
'CloudStorageProviderImpl' 
is not abstract and does not 
implement abstract members:
suspend fun 
downloadFile(fileId: 
String): FileResult
suspend fun 
deleteFile(fileId: String): 
FileResult
e: file:///C:/LDO-AiAOSP-ReGe
nesis/app/src/main/java/dev/a
urakai/auraframefx/oracledriv
e/genesis/cloud/CloudStorageP
roviderImpl.kt:38:17 No 
parameter with name 'fileId' 
found.
e: file:///C:/LDO-AiAOSP-ReGe
nesis/app/src/main/java/dev/a
urakai/auraframefx/oracledriv
e/genesis/cloud/CloudStorageP
roviderImpl.kt:39:17 No 
parameter with name 'path' 
found.
e: file:///C:/LDO-AiAOSP-ReGe
nesis/app/src/main/java/dev/a
urakai/auraframefx/oracledriv
e/genesis/cloud/CloudStorageP
roviderImpl.kt:40:17 No 
parameter with name 'size' 
found.
e: file:///C:/LDO-AiAOSP-ReGe
nesis/app/src/main/java/dev/a
urakai/auraframefx/oracledriv
e/genesis/cloud/CloudStorageP
roviderImpl.kt:41:17 No 
parameter with name 
'metadata' found.
e: file:///C:/LDO-AiAOSP-ReGe
nesis/app/src/main/java/dev/a
urakai/auraframefx/oracledriv
e/genesis/cloud/CloudStorageP
roviderImpl.kt:41:17 No 
value passed for parameter 
'message'.
e: file:///C:/LDO-AiAOSP-ReGe
nesis/app/src/main/java/dev/a
urakai/auraframefx/oracledriv
e/genesis/cloud/OracleDriveAp
i.kt:3:44 Unresolved 
reference 
'DriveConsciousnessState'.
e: file:///C:/LDO-AiAOSP-ReGe
nesis/app/src/main/java/dev/a
urakai/auraframefx/oracledriv
e/genesis/cloud/OracleDriveAp
i.kt:4:44 Unresolved 
reference 'OracleSyncResult'.
e: file:///C:/LDO-AiAOSP-ReGe
nesis/app/src/main/java/dev/a
urakai/auraframefx/oracledriv
e/genesis/cloud/OracleDriveCo
ntrolScreen.kt:18:47 
Unresolved reference 
'viewmodel'.
e: file:///C:/LDO-AiAOSP-ReGe
nesis/app/src/main/java/dev/a
urakai/auraframefx/oracledriv
e/ipc/OracleDriveServiceConne
ctor.kt:17:35 Unresolved 
reference 
'IAuraDriveService'.
e: file:///C:/LDO-AiAOSP-ReGe
nesis/app/src/main/java/dev/a
urakai/auraframefx/oracledriv
e/ipc/OracleDriveServiceConne
ctor.kt:31:32 Unresolved 
reference 
'IAuraDriveService'.
e: file:///C:/LDO-AiAOSP-ReGe
nesis/app/src/main/java/dev/a
urakai/auraframefx/oracledriv
e/ipc/OracleDriveServiceConne
ctor.kt:86:31 Unresolved 
reference 
'getOracleDriveStatus'.
e: file:///C:/LDO-AiAOSP-ReGe
nesis/app/src/main/java/dev/a
urakai/auraframefx/oracledriv
e/ipc/OracleDriveServiceConne
ctor.kt:102:48 Unresolved 
reference 
'toggleLSPosedModule'.
e: file:///C:/LDO-AiAOSP-ReGe
nesis/app/src/main/java/dev/a
urakai/auraframefx/oracledriv
e/ipc/OracleDriveServiceConne
ctor.kt:116:31 Unresolved 
reference 
'getDetailedInternalStatus'.
e: file:///C:/LDO-AiAOSP-ReGe
nesis/app/src/main/java/dev/a
urakai/auraframefx/oracledriv
e/ipc/OracleDriveServiceConne
ctor.kt:131:42 Unresolved 
reference 
'getInternalDiagnosticsLog'.
e: file:///C:/LDO-AiAOSP-ReGe
nesis/app/src/main/java/dev/a
urakai/auraframefx/oracledriv
e/service/GenesisSecureFileSe
rvice.kt:51:53 Unresolved 
reference 'encryptData'.
e: file:///C:/LDO-AiAOSP-ReGe
nesis/app/src/main/java/dev/a
urakai/auraframefx/oracledriv
e/service/GenesisSecureFileSe
rvice.kt:57:27 Unresolved 
reference 
'saveEncryptedData'.
e: file:///C:/LDO-AiAOSP-ReGe
nesis/app/src/main/java/dev/a
urakai/auraframefx/oracledriv
e/service/GenesisSecureFileSe
rvice.kt:92:53 Unresolved 
reference 'decryptData'.
e: file:///C:/LDO-AiAOSP-ReGe
nesis/app/src/main/java/dev/a
urakai/auraframefx/oracledriv
e/service/GenesisSecureFileSe
rvice.kt:123:27 Unresolved 
reference 
'deleteEncryptedData'.
e: file:///C:/LDO-AiAOSP-ReGe
nesis/app/src/main/java/dev/a
urakai/auraframefx/oracledriv
e/service/OracleDriveServiceI
mpl.kt:32:1 Class 
'OracleDriveServiceImpl' is 
not abstract and does not 
implement abstract members:
val consciousnessState: Any
suspend fun initializeOracleD
riveConsciousness(): Result<O
racleConsciousnessState>
suspend fun connectAgentsToOr
acleMatrix(): 
Flow<AgentConnectionState>
suspend fun enableAIPoweredFi
leManagement(): Result<FileMa
nagementCapabilities>
suspend fun 
createInfiniteStorage(): 
Flow<StorageExpansionState>
suspend fun integrateWithSyst
emOverlay(): Result<SystemInt
egrationState>
fun 
checkConsciousnessLevel(): 
ConsciousnessLevel
fun verifyPermissions(): 
Set<OraclePermission>
e: file:///C:/LDO-AiAOSP-ReGe
nesis/app/src/main/java/dev/a
urakai/auraframefx/oracledriv
e/service/OracleDriveServiceI
mpl.kt:51:5 'ping' overrides 
nothing.
e: file:///C:/LDO-AiAOSP-ReGe
nesis/app/src/main/java/dev/a
urakai/auraframefx/oracledriv
e/service/OracleDriveServiceI
mpl.kt:69:5 
'initializeDrive' overrides 
nothing.
e: file:///C:/LDO-AiAOSP-ReGe
nesis/app/src/main/java/dev/a
urakai/auraframefx/oracledriv
e/service/OracleDriveServiceI
mpl.kt:110:5 'manageFiles' 
overrides nothing.
e: file:///C:/LDO-AiAOSP-ReGe
nesis/app/src/main/java/dev/a
urakai/auraframefx/oracledriv
e/service/OracleDriveServiceI
mpl.kt:158:5 
'syncWithOracle' overrides 
nothing.
e: file:///C:/LDO-AiAOSP-ReGe
nesis/app/src/main/java/dev/a
urakai/auraframefx/oracledriv
e/service/OracleDriveServiceI
mpl.kt:182:5 
'getDriveConsciousnessState' 
overrides nothing.
e: file:///C:/LDO-AiAOSP-ReGe
nesis/app/src/main/java/dev/a
urakai/auraframefx/oracledriv
e/ui/screens/OracleDriveContr
olScreen.kt:19:47 Unresolved 
reference 'viewmodel'.
e: file:///C:/LDO-AiAOSP-ReGe
nesis/app/src/main/java/dev/a
urakai/auraframefx/oracledriv
e/ui/viewmodel/OracleDriveCon
trolViewModel.kt:2:9 
Unresolved reference 
'viewModelScope'.
e: file:///C:/LDO-AiAOSP-ReGe
nesis/app/src/main/java/dev/a
urakai/auraframefx/repository
/SupportRepository.kt:37:34 
Unresolved reference 
'getString'.
e: file:///C:/LDO-AiAOSP-ReGe
nesis/app/src/main/java/dev/a
urakai/auraframefx/repository
/SupportRepository.kt:40:19 
Unresolved reference 
'storeString'.
e: file:///C:/LDO-AiAOSP-ReGe
nesis/app/src/main/java/dev/a
urakai/auraframefx/security/I
ntegrityViolationReceiver.kt:
15:30 Unresolved reference 
'IntegrityMonitorService'.
e: file:///C:/LDO-AiAOSP-ReGe
nesis/app/src/main/java/dev/a
urakai/auraframefx/security/S
ecurityContext.kt:9:39 
Unresolved reference 
'ThreatLevel'.
e: file:///C:/LDO-AiAOSP-ReGe
nesis/app/src/main/java/dev/a
urakai/auraframefx/security/S
ecurityContext.kt:119:41 
Unresolved reference 
'getOrCreateSecretKey'.
e: file:///C:/LDO-AiAOSP-ReGe
nesis/app/src/main/java/dev/a
urakai/auraframefx/security/S
ecurityContext.kt:149:45 
Unresolved reference 
'getOrCreateSecretKey'.
e: file:///C:/LDO-AiAOSP-ReGe
nesis/app/src/main/java/dev/a
urakai/auraframefx/security/S
ecurityContext.kt:160:20 
None of the following 
candidates is applicable:

fun init(p0: Int, p1: 
Certificate!, p2: 
SecureRandom!): Unit:
  Argument type mismatch: 
actual type is 'Any', but 
'Certificate!' was expected.
  Argument type mismatch: 
actual type is 
'IvParameterSpec', but 
'SecureRandom!' was expected.

fun init(p0: Int, p1: Key!, 
p2: AlgorithmParameters!): 
Unit:
  Argument type mismatch: 
actual type is 'Any', but 
'Key!' was expected.
  Argument type mismatch: 
actual type is 
'IvParameterSpec', but 
'AlgorithmParameters!' was 
expected.

fun init(p0: Int, p1: Key!, 
p2: SecureRandom!): Unit:
  Argument type mismatch: 
actual type is 'Any', but 
'Key!' was expected.
  Argument type mismatch: 
actual type is 
'IvParameterSpec', but 
'SecureRandom!' was expected.

fun init(p0: Int, p1: Key!, 
p2: 
AlgorithmParameterSpec!): 
Unit:
  Argument type mismatch: 
actual type is 'Any', but 
'Key!' was expected.
e: file:///C:/LDO-AiAOSP-ReGe
nesis/app/src/main/java/dev/a
urakai/auraframefx/security/S
ecurityContext.kt:183:52 
Unresolved reference 
'getDecryptionCipher'.
e: file:///C:/LDO-AiAOSP-ReGe
nesis/app/src/main/java/dev/a
urakai/auraframefx/security/S
ecurityContext.kt:189:51 
Unresolved reference 
'doFinal'.
e: file:///C:/LDO-AiAOSP-ReGe
nesis/app/src/main/java/dev/a
urakai/auraframefx/security/S
ecurityExtensions.kt:18:79 
Unresolved reference 
'ThreatLevel'.
e: file:///C:/LDO-AiAOSP-ReGe
nesis/app/src/main/java/dev/a
urakai/auraframefx/security/S
ecurityMonitor.kt:161:32 
'when' expression must be 
exhaustive. Add the 'is 
EncryptionStatusImpl' branch 
or an 'else' branch.
e: file:///C:/LDO-AiAOSP-ReGe
nesis/app/src/main/java/dev/a
urakai/auraframefx/security/S
ecurityMonitor.kt:474:16 
'when' expression must be 
exhaustive. Add the 'is 
EncryptionStatusImpl' branch 
or an 'else' branch.
e: file:///C:/LDO-AiAOSP-ReGe
nesis/app/src/main/java/dev/a
urakai/auraframefx/security/S
ecurityMonitor.kt:529:9 
'when' expression must be 
exhaustive. Add the 'is 
EncryptionStatusImpl' branch 
or an 'else' branch.
e: file:///C:/LDO-AiAOSP-ReGe
nesis/app/src/main/java/dev/a
urakai/auraframefx/system/ove
rlay/NotchBarConfig.kt:6:12 
Redeclaration:
data class NotchBarConfig : 
Any
e: file:///C:/LDO-AiAOSP-ReGe
nesis/app/src/main/java/dev/a
urakai/auraframefx/system/ove
rlay/SystemOverlay.kt:9:19 
Serializer has not been 
found for type 
'NotchBarConfig'. To use 
context serializer as 
fallback, explicitly 
annotate type or property 
with @Contextual
e: file:///C:/LDO-AiAOSP-ReGe
nesis/app/src/main/java/dev/a
urakai/auraframefx/system/ove
rlay/SystemOverlay.kt:18:12 
Redeclaration:
data class NotchBarConfig : 
Any
e: file:///C:/LDO-AiAOSP-ReGe
nesis/app/src/main/java/dev/a
urakai/auraframefx/system/ove
rlay/model/OverlayElement.kt:
16:44 Unresolved reference 
'RECTANGLE'.
e: file:///C:/LDO-AiAOSP-ReGe
nesis/app/src/main/java/dev/a
urakai/auraframefx/ui/compone
nts/AuraSparkleButton.kt:17:3
6 Initializer type mismatch: 
expected 
'ComposableFunction0<Unit>', 
actual 'String'.
e: file:///C:/LDO-AiAOSP-ReGe
nesis/app/src/main/java/dev/a
urakai/auraframefx/ui/compone
nts/AuraSparkleButton.kt:28:9
 None of the following 
candidates is applicable:

fun Text(text: String, 
modifier: Modifier = ..., 
color: Color = ..., 
autoSize: TextAutoSize? = 
..., fontSize: TextUnit = 
..., fontStyle: FontStyle? = 
..., fontWeight: FontWeight? 
= ..., fontFamily: 
FontFamily? = ..., 
letterSpacing: TextUnit = 
..., textDecoration: 
TextDecoration? = ..., 
textAlign: TextAlign? = ..., 
lineHeight: TextUnit = ..., 
overflow: TextOverflow = 
..., softWrap: Boolean = 
..., maxLines: Int = ..., 
minLines: Int = ..., 
onTextLayout: 
((TextLayoutResult) -> 
Unit)? = ..., style: 
TextStyle = ...): Unit:
  Argument type mismatch: 
actual type is 
'ComposableFunction0<Unit>', 
but 'String' was expected.

fun Text(text: 
AnnotatedString, modifier: 
Modifier = ..., color: Color 
= ..., autoSize: 
TextAutoSize? = ..., 
fontSize: TextUnit = ..., 
fontStyle: FontStyle? = ..., 
fontWeight: FontWeight? = 
..., fontFamily: FontFamily? 
= ..., letterSpacing: 
TextUnit = ..., 
textDecoration: 
TextDecoration? = ..., 
textAlign: TextAlign? = ..., 
lineHeight: TextUnit = ..., 
overflow: TextOverflow = 
..., softWrap: Boolean = 
..., maxLines: Int = ..., 
minLines: Int = ..., 
inlineContent: Map<String, 
InlineTextContent> = ..., 
onTextLayout: 
(TextLayoutResult) -> Unit = 
..., style: TextStyle = 
...): Unit:
  Argument type mismatch: 
actual type is 
'ComposableFunction0<Unit>', 
but 'AnnotatedString' was 
expected.
e: file:///C:/LDO-AiAOSP-ReGe
nesis/app/src/main/java/dev/a
urakai/auraframefx/ui/compone
nts/BottomNavigationBar.kt:13
:35 Unresolved reference 
'navigation'.
e: file:///C:/LDO-AiAOSP-ReGe
nesis/app/src/main/java/dev/a
urakai/auraframefx/ui/compone
nts/BottomNavigationBar.kt:38
:9 Unresolved reference 
'NavDestination'.
e: file:///C:/LDO-AiAOSP-ReGe
nesis/app/src/main/java/dev/a
urakai/auraframefx/ui/compone
nts/BottomNavigationBar.kt:38
:49 Cannot infer type for 
value parameter 
'destination'. Specify it 
explicitly.
e: file:///C:/LDO-AiAOSP-ReGe
nesis/app/src/main/java/dev/a
urakai/auraframefx/ui/compone
nts/BottomNavigationBar.kt:39
:13 @Composable invocations 
can only happen from the 
context of a @Composable 
function
e: file:///C:/LDO-AiAOSP-ReGe
nesis/app/src/main/java/dev/a
urakai/auraframefx/ui/compone
nts/BottomNavigationBar.kt:41
:33 Unresolved reference 
'icon'.
e: file:///C:/LDO-AiAOSP-ReGe
nesis/app/src/main/java/dev/a
urakai/auraframefx/ui/compone
nts/BottomNavigationBar.kt:41
:39 Cannot infer type for 
type parameter 'T'. Specify 
it explicitly.
e: file:///C:/LDO-AiAOSP-ReGe
nesis/app/src/main/java/dev/a
urakai/auraframefx/ui/compone
nts/BottomNavigationBar.kt:41
:39 Cannot infer type for 
type parameter 'R'. Specify 
it explicitly.
e: file:///C:/LDO-AiAOSP-ReGe
nesis/app/src/main/java/dev/a
urakai/auraframefx/ui/compone
nts/BottomNavigationBar.kt:41
:45 Cannot infer type for 
type parameter 'T'. Specify 
it explicitly.
e: file:///C:/LDO-AiAOSP-ReGe
nesis/app/src/main/java/dev/a
urakai/auraframefx/ui/compone
nts/BottomNavigationBar.kt:44
:62 Unresolved reference 
'title'.
e: file:///C:/LDO-AiAOSP-ReGe
nesis/app/src/main/java/dev/a
urakai/auraframefx/ui/compone
nts/BottomNavigationBar.kt:50
:44 Unresolved reference 
'title'.
e: file:///C:/LDO-AiAOSP-ReGe
nesis/app/src/main/java/dev/a
urakai/auraframefx/ui/compone
nts/BottomNavigationBar.kt:55
:56 Unresolved reference 
'route'.
e: file:///C:/LDO-AiAOSP-ReGe
nesis/app/src/main/java/dev/a
urakai/auraframefx/ui/compone
nts/BottomNavigationBar.kt:57
:53 Unresolved reference 
'route'.
e: file:///C:/LDO-AiAOSP-ReGe
nesis/app/src/main/java/dev/a
urakai/auraframefx/ui/compone
nts/BottomNavigationBar.kt:58
:60 Unresolved reference 
'route'.
e: file:///C:/LDO-AiAOSP-ReGe
nesis/app/src/main/java/dev/a
urakai/auraframefx/ui/compone
nts/BottomNavigationBar.kt:61
:37 Unresolved reference 
'NavDestination'.
e: file:///C:/LDO-AiAOSP-ReGe
nesis/app/src/main/java/dev/a
urakai/auraframefx/ui/compone
nts/BottomNavigationBar.kt:62
:33 Cannot access 'var 
saveState: Boolean': it is 
private in 'androidx.navigati
on.NavOptionsBuilder'.
e: file:///C:/LDO-AiAOSP-ReGe
nesis/app/src/main/java/dev/a
urakai/auraframefx/ui/compone
nts/HologramTransition.kt:77:
40 @Composable invocations 
can only happen from the 
context of a @Composable 
function
e: file:///C:/LDO-AiAOSP-ReGe
nesis/app/src/main/java/dev/a
urakai/auraframefx/ui/compone
nts/HologramTransition.kt:132
:13 Unresolved reference 
'withTransform'.
e: file:///C:/LDO-AiAOSP-ReGe
nesis/app/src/main/java/dev/a
urakai/auraframefx/ui/compone
nts/HologramTransition.kt:134
:21 Unresolved reference 
'translate'.
e: file:///C:/LDO-AiAOSP-ReGe
nesis/app/src/main/java/dev/a
urakai/auraframefx/ui/compone
nts/HologramTransition.kt:138
:21 Unresolved reference. 
None of the following 
candidates is applicable 
because of a receiver type 
mismatch:
fun Canvas.scale(sx: Float, 
sy: Float = ..., pivotX: 
Float, pivotY: Float): Unit
e: file:///C:/LDO-AiAOSP-ReGe
nesis/app/src/main/java/dev/a
urakai/auraframefx/ui/compone
nts/ImagePicker.kt:4:35 
Unresolved reference 'model'.
e: file:///C:/LDO-AiAOSP-ReGe
nesis/app/src/main/java/dev/a
urakai/auraframefx/ui/compone
nts/ImagePicker.kt:8:19 
Unresolved reference 
'ImageResource'.
e: file:///C:/LDO-AiAOSP-ReGe
nesis/app/src/main/java/dev/a
urakai/auraframefx/ui/compone
nts/ImagePicker.kt:9:23 
Unresolved reference 
'ImageResource'.
e: file:///C:/LDO-AiAOSP-ReGe
nesis/app/src/main/java/dev/a
urakai/auraframefx/ui/compone
nts/ShapePicker.kt:4:53 
Unresolved reference 
'OverlayShape'.
e: file:///C:/LDO-AiAOSP-ReGe
nesis/app/src/main/java/dev/a
urakai/auraframefx/ui/compone
nts/ShapePicker.kt:8:19 
Unresolved reference 
'OverlayShape'.
e: file:///C:/LDO-AiAOSP-ReGe
nesis/app/src/main/java/dev/a
urakai/auraframefx/ui/compone
nts/ShapePicker.kt:9:23 
Unresolved reference 
'OverlayShape'.
e: file:///C:/LDO-AiAOSP-ReGe
nesis/app/src/main/java/dev/a
urakai/auraframefx/ui/compone
nts/backgrounds/DataVisualiza
tionBackground.kt:11:33 
Cannot access 'fun 
IntArray.nodeCount(address: 
Int): Int': it is private in 
file.
e: file:///C:/LDO-AiAOSP-ReGe
nesis/app/src/main/java/dev/a
urakai/auraframefx/ui/compone
nts/graph/InteractiveGraph.kt
:43:52 Unresolved reference 
'Offset'.
e: file:///C:/LDO-AiAOSP-ReGe
nesis/app/src/main/java/dev/a
urakai/auraframefx/ui/compone
nts/graph/InteractiveGraph.kt
:192:34 Unresolved reference 
'defaultSize'.
e: file:///C:/LDO-AiAOSP-ReGe
nesis/app/src/main/java/dev/a
urakai/auraframefx/ui/compone
nts/graph/InteractiveGraph.kt
:193:36 Unresolved reference 
'toCompose'.
e: file:///C:/LDO-AiAOSP-ReGe
nesis/app/src/main/java/dev/a
urakai/auraframefx/ui/compone
nts/graph/InteractiveGraph.kt
:199:35 Unresolved reference 
'color'.
e: file:///C:/LDO-AiAOSP-ReGe
nesis/app/src/main/java/dev/a
urakai/auraframefx/ui/compone
nts/graph/InteractiveGraph.kt
:200:26 Argument type 
mismatch: actual type is 
'Offset', but 'Float' was 
expected.
e: file:///C:/LDO-AiAOSP-ReGe
nesis/app/src/main/java/dev/a
urakai/auraframefx/ui/compone
nts/graph/InteractiveGraph.kt
:208:31 Unresolved reference 
'color'.
e: file:///C:/LDO-AiAOSP-ReGe
nesis/app/src/main/java/dev/a
urakai/auraframefx/ui/compone
nts/graph/InteractiveGraph.kt
:209:22 Argument type 
mismatch: actual type is 
'Offset', but 'Float' was 
expected.
e: file:///C:/LDO-AiAOSP-ReGe
nesis/app/src/main/java/dev/a
urakai/auraframefx/ui/compone
nts/graph/InteractiveGraph.kt
:215:31 Unresolved reference 
'color'.
e: file:///C:/LDO-AiAOSP-ReGe
nesis/app/src/main/java/dev/a
urakai/auraframefx/ui/compone
nts/graph/InteractiveGraph.kt
:216:22 Argument type 
mismatch: actual type is 
'Offset', but 'Float' was 
expected.
e: file:///C:/LDO-AiAOSP-ReGe
nesis/app/src/main/java/dev/a
urakai/auraframefx/ui/compone
nts/graph/InteractiveGraph.kt
:227:31 Unresolved reference 
'color'.
e: file:///C:/LDO-AiAOSP-ReGe
nesis/app/src/main/java/dev/a
urakai/auraframefx/ui/compone
nts/graph/InteractiveGraph.kt
:228:22 Argument type 
mismatch: actual type is 
'Offset', but 'Float' was 
expected.
e: file:///C:/LDO-AiAOSP-ReGe
nesis/app/src/main/java/dev/a
urakai/auraframefx/ui/compone
nts/graph/InteractiveGraph.kt
:236:22 Argument type 
mismatch: actual type is 
'Offset', but 'Float' was 
expected.
e: file:///C:/LDO-AiAOSP-ReGe
nesis/app/src/main/java/dev/a
urakai/auraframefx/ui/compone
nts/graph/InteractiveGraph.kt
:246:17 Argument type 
mismatch: actual type is 
'Offset', but 'Float' was 
expected.
e: file:///C:/LDO-AiAOSP-ReGe
nesis/app/src/main/java/dev/a
urakai/auraframefx/ui/compone
nts/graph/InteractiveGraph.kt
:246:46 Argument type 
mismatch: actual type is 
'Float', but 'Offset' was 
expected.
e: file:///C:/LDO-AiAOSP-ReGe
nesis/app/src/main/java/dev/a
urakai/auraframefx/ui/compone
nts/graph/InteractiveGraph.kt
:274:36 Unresolved reference 
'toCompose'.
e: file:///C:/LDO-AiAOSP-ReGe
nesis/app/src/main/java/dev/a
urakai/auraframefx/ui/compone
nts/graph/InteractiveGraph.kt
:275:32 Unresolved reference 
'toCompose'.
e: file:///C:/LDO-AiAOSP-ReGe
nesis/app/src/main/java/dev/a
urakai/auraframefx/ui/compone
nts/graph/InteractiveGraph.kt
:281:32 Unresolved reference 
'defaultSize'.
e: file:///C:/LDO-AiAOSP-ReGe
nesis/app/src/main/java/dev/a
urakai/auraframefx/ui/compone
nts/graph/InteractiveGraph.kt
:282:28 Unresolved reference 
'defaultSize'.
e: file:///C:/LDO-AiAOSP-ReGe
nesis/app/src/main/java/dev/a
urakai/auraframefx/ui/compone
nts/graph/InteractiveGraph.kt
:290:24 Unresolved reference 
'DIRECT'.
e: file:///C:/LDO-AiAOSP-ReGe
nesis/app/src/main/java/dev/a
urakai/auraframefx/ui/compone
nts/graph/InteractiveGraph.kt
:291:24 Unresolved reference 
'BIDIRECTIONAL'.
e: file:///C:/LDO-AiAOSP-ReGe
nesis/app/src/main/java/dev/a
urakai/auraframefx/ui/compone
nts/graph/InteractiveGraph.kt
:292:24 Unresolved reference 
'DASHED'.
e: file:///C:/LDO-AiAOSP-ReGe
nesis/app/src/main/java/dev/a
urakai/auraframefx/ui/compone
nts/graph/InteractiveGraph.kt
:297:43 Unresolved reference 
'DASHED'.
e: file:///C:/LDO-AiAOSP-ReGe
nesis/app/src/main/java/dev/a
urakai/auraframefx/ui/compone
nts/graph/InteractiveGraph.kt
:323:43 Unresolved reference 
'DIRECT'.
e: file:///C:/LDO-AiAOSP-ReGe
nesis/app/src/main/java/dev/a
urakai/auraframefx/ui/compone
nts/graph/InteractiveGraph.kt
:323:87 Unresolved reference 
'BIDIRECTIONAL'.
e: file:///C:/LDO-AiAOSP-ReGe
nesis/app/src/main/java/dev/a
urakai/auraframefx/ui/compone
nts/graph/InteractiveGraph.kt
:331:47 Unresolved reference 
'BIDIRECTIONAL'.
e: file:///C:/LDO-AiAOSP-ReGe
nesis/app/src/main/java/dev/a
urakai/auraframefx/ui/screens
/EcosystemMenuScreen.kt:12:39
 Unresolved reference 
'homescreen'.
e: file:///C:/LDO-AiAOSP-ReGe
nesis/app/src/main/java/dev/a
urakai/auraframefx/ui/screens
/EcosystemMenuScreen.kt:30:21
 Unresolved reference 
'HomeScreenTransitionType'.
e: file:///C:/LDO-AiAOSP-ReGe
nesis/app/src/main/java/dev/a
urakai/auraframefx/ui/screens
/EcosystemMenuScreen.kt:30:48
 Unresolved reference 
'HomeScreenTransitionType'.
e: file:///C:/LDO-AiAOSP-ReGe
nesis/app/src/main/java/dev/a
urakai/auraframefx/ui/screens
/MainScreen.kt:65:45 
Unresolved reference 
'random'.
e: file:///C:/LDO-AiAOSP-ReGe
nesis/app/src/main/java/dev/a
urakai/auraframefx/ui/screens
/MainScreen.kt:66:37 
Unresolved reference 
'random'.
e: file:///C:/LDO-AiAOSP-ReGe
nesis/app/src/main/java/dev/a
urakai/auraframefx/ui/theme/T
heme.kt:119:13 Conflicting 
declarations:
val DarkColorScheme: 
ColorScheme
e: file:///C:/LDO-AiAOSP-ReGe
nesis/app/src/main/java/dev/a
urakai/auraframefx/ui/theme/T
heme.kt:208:15 Property 
delegate must have a 
'getValue(Nothing?, 
KProperty0<*>)' method. None 
of the following functions 
is applicable:
fun 
FloatState.getValue(thisObj: 
Any?, property: 
KProperty<*>): Float
fun DoubleState.getValue(this
Obj: Any?, property: 
KProperty<*>): Double
fun 
IntState.getValue(thisObj: 
Any?, property: 
KProperty<*>): Int
fun 
LongState.getValue(thisObj: 
Any?, property: 
KProperty<*>): Long
fun <T> 
State<T>.getValue(thisObj: 
Any?, property: 
KProperty<*>): T
e: file:///C:/LDO-AiAOSP-ReGe
nesis/app/src/main/java/dev/a
urakai/auraframefx/ui/theme/T
heme.kt:208:39 Cannot infer 
type for type parameter 'T'. 
Specify it explicitly.
e: file:///C:/LDO-AiAOSP-ReGe
nesis/app/src/main/java/dev/a
urakai/auraframefx/ui/theme/T
heme.kt:208:39 Unresolved 
reference. None of the 
following candidates is 
applicable because of a 
receiver type mismatch:
fun <T> StateFlow<T>.collectA
sState(context: 
CoroutineContext = ...): 
State<T>
e: file:///C:/LDO-AiAOSP-ReGe
nesis/app/src/main/java/dev/a
urakai/auraframefx/ui/theme/T
heme.kt:209:15 Property 
delegate must have a 
'getValue(Nothing?, 
KProperty0<*>)' method. None 
of the following functions 
is applicable:
fun 
FloatState.getValue(thisObj: 
Any?, property: 
KProperty<*>): Float
fun DoubleState.getValue(this
Obj: Any?, property: 
KProperty<*>): Double
fun 
IntState.getValue(thisObj: 
Any?, property: 
KProperty<*>): Int
fun 
LongState.getValue(thisObj: 
Any?, property: 
KProperty<*>): Long
fun <T> 
State<T>.getValue(thisObj: 
Any?, property: 
KProperty<*>): T
e: file:///C:/LDO-AiAOSP-ReGe
nesis/app/src/main/java/dev/a
urakai/auraframefx/ui/theme/T
heme.kt:209:39 Cannot infer 
type for type parameter 'T'. 
Specify it explicitly.
e: file:///C:/LDO-AiAOSP-ReGe
nesis/app/src/main/java/dev/a
urakai/auraframefx/ui/theme/T
heme.kt:209:39 Unresolved 
reference. None of the 
following candidates is 
applicable because of a 
receiver type mismatch:
fun <T> StateFlow<T>.collectA
sState(context: 
CoroutineContext = ...): 
State<T>
e: file:///C:/LDO-AiAOSP-ReGe
nesis/app/src/main/java/dev/a
urakai/auraframefx/ui/theme/T
heme.kt:230:29 Overload 
resolution ambiguity between 
candidates:
val DarkColorScheme: 
ColorScheme
val DarkColorScheme: 
ColorScheme
e: file:///C:/LDO-AiAOSP-ReGe
nesis/app/src/main/java/dev/a
urakai/auraframefx/ui/theme/T
hemeManager.kt:62:40 
Unresolved reference 
'discernThemeIntent'.
e: file:///C:/LDO-AiAOSP-ReGe
nesis/app/src/main/java/dev/a
urakai/auraframefx/ui/theme/T
hemeManager.kt:214:45 
Unresolved reference 
'suggestThemes'.
e: file:///C:/LDO-AiAOSP-ReGe
nesis/app/src/main/java/dev/a
urakai/auraframefx/ui/theme/T
hemeManager.kt:215:38 Cannot 
infer type for value 
parameter 'intent'. Specify 
it explicitly.
e: file:///C:/LDO-AiAOSP-ReGe
nesis/app/src/main/java/dev/a
urakai/auraframefx/ui/theme/T
hemeViewModel.kt:17:26 
Cannot infer type for type 
parameter 'T'. Specify it 
explicitly.
e: file:///C:/LDO-AiAOSP-ReGe
nesis/app/src/main/java/dev/a
urakai/auraframefx/ui/theme/T
hemeViewModel.kt:17:43 
Unresolved reference 'Theme'.
e: file:///C:/LDO-AiAOSP-ReGe
nesis/app/src/main/java/dev/a
urakai/auraframefx/ui/theme/T
hemeViewModel.kt:18:26 
Unresolved reference 'Theme'.
e: file:///C:/LDO-AiAOSP-ReGe
nesis/app/src/main/java/dev/a
urakai/auraframefx/ui/theme/T
hemeViewModel.kt:20:26 
Cannot infer type for type 
parameter 'T'. Specify it 
explicitly.
e: file:///C:/LDO-AiAOSP-ReGe
nesis/app/src/main/java/dev/a
urakai/auraframefx/ui/theme/T
hemeViewModel.kt:20:43 
Unresolved reference 'Color'.
e: file:///C:/LDO-AiAOSP-ReGe
nesis/app/src/main/java/dev/a
urakai/auraframefx/ui/theme/T
hemeViewModel.kt:21:26 
Unresolved reference 'Color'.
e: file:///C:/LDO-AiAOSP-ReGe
nesis/app/src/main/java/dev/a
urakai/auraframefx/ui/theme/T
hemeViewModel.kt:25:13 
'when' expression must be 
exhaustive. Add the 'is 
SetColor', 'is SetTheme', 
'Unknown' branches or an 
'else' branch.
e: file:///C:/LDO-AiAOSP-ReGe
nesis/app/src/main/java/dev/a
urakai/auraframefx/ui/theme/T
hemeViewModel.kt:26:20 
Unresolved reference 
'ThemeCommand'.
e: file:///C:/LDO-AiAOSP-ReGe
nesis/app/src/main/java/dev/a
urakai/auraframefx/ui/theme/T
hemeViewModel.kt:26:73 
Unresolved reference 'theme'.
e: file:///C:/LDO-AiAOSP-ReGe
nesis/app/src/main/java/dev/a
urakai/auraframefx/ui/theme/T
hemeViewModel.kt:27:20 
Unresolved reference 
'ThemeCommand'.
e: file:///C:/LDO-AiAOSP-ReGe
nesis/app/src/main/java/dev/a
urakai/auraframefx/ui/theme/T
hemeViewModel.kt:27:73 
Unresolved reference 'color'.
e: file:///C:/LDO-AiAOSP-ReGe
nesis/app/src/main/java/dev/a
urakai/auraframefx/ui/theme/T
hemeViewModel.kt:28:17 
Unresolved reference 
'ThemeCommand'.
e: file:///C:/LDO-AiAOSP-ReGe
nesis/app/src/main/java/dev/a
urakai/auraframefx/ui/theme/m
anager/ThemeManager.kt:62:40 
Unresolved reference 
'discernThemeIntent'.
e: file:///C:/LDO-AiAOSP-ReGe
nesis/app/src/main/java/dev/a
urakai/auraframefx/ui/theme/m
anager/ThemeManager.kt:214:45
 Unresolved reference 
'suggestThemes'.
e: file:///C:/LDO-AiAOSP-ReGe
nesis/app/src/main/java/dev/a
urakai/auraframefx/ui/theme/m
anager/ThemeManager.kt:215:38
 Cannot infer type for value 
parameter 'intent'. Specify 
it explicitly.
e: file:///C:/LDO-AiAOSP-ReGe
nesis/app/src/main/java/dev/a
urakai/auraframefx/ui/theme/m
odel/AuraThemes.kt:36:34 
Unresolved reference 
'ENERGETIC'.
e: file:///C:/LDO-AiAOSP-ReGe
nesis/app/src/main/java/dev/a
urakai/auraframefx/ui/theme/m
odel/AuraThemes.kt:85:50 
Unresolved reference 
'PULSING'.
e: file:///C:/LDO-AiAOSP-ReGe
nesis/app/src/main/java/dev/a
urakai/auraframefx/ui/theme/m
odel/AuraThemes.kt:134:50 
Unresolved reference 
'FLOWING'.
e: file:///C:/LDO-AiAOSP-ReGe
nesis/app/src/main/java/dev/a
urakai/auraframefx/ui/theme/p
review/ThemeEditorPreview.kt:
24:34 Cannot infer type for 
type parameter 'T'. Specify 
it explicitly.
e: file:///C:/LDO-AiAOSP-ReGe
nesis/app/src/main/java/dev/a
urakai/auraframefx/ui/theme/p
review/ThemeEditorPreview.kt:
24:34 Cannot infer type for 
type parameter 'T'. Specify 
it explicitly.
e: file:///C:/LDO-AiAOSP-ReGe
nesis/app/src/main/java/dev/a
urakai/auraframefx/ui/theme/p
review/ThemeEditorPreview.kt:
25:17 Cannot infer type for 
type parameter 'T'. Specify 
it explicitly.
e: file:///C:/LDO-AiAOSP-ReGe
nesis/app/src/main/java/dev/a
urakai/auraframefx/ui/theme/p
review/ThemeEditorPreview.kt:
26:21 Unresolved reference 
'ThemeColors'.
e: file:///C:/LDO-AiAOSP-ReGe
nesis/app/src/main/java/dev/a
urakai/auraframefx/ui/theme/p
review/ThemeEditorPreview.kt:
36:13 Unresolved reference 
'ThemeEditor'.
e: file:///C:/LDO-AiAOSP-ReGe
nesis/app/src/main/java/dev/a
urakai/auraframefx/ui/theme/p
review/ThemeEditorPreview.kt:
38:53 Unresolved reference 
'it'.
e: file:///C:/LDO-AiAOSP-ReGe
nesis/app/src/main/java/dev/a
urakai/auraframefx/ui/theme/p
review/ThemeEditorPreview.kt:
58:23 Unresolved reference 
'toColorInt'.
e: file:///C:/LDO-AiAOSP-ReGe
nesis/app/src/main/java/dev/a
urakai/auraframefx/ui/viewmod
els/AgentViewModel.kt:271:64 
Argument type mismatch: 
actual type is 
'AgentRequest', but 
'AiRequest' was expected.
e: file:///C:/LDO-AiAOSP-ReGe
nesis/app/src/main/java/dev/a
urakai/auraframefx/ui/viewmod
els/AgentViewModel.kt:276:25 
No parameter with name 
'query' found.
e: file:///C:/LDO-AiAOSP-ReGe
nesis/app/src/main/java/dev/a
urakai/auraframefx/ui/viewmod
els/AgentViewModel.kt:277:25 
No value passed for 
parameter 'content'.
e: file:///C:/LDO-AiAOSP-ReGe
nesis/app/src/main/java/dev/a
urakai/auraframefx/ui/viewmod
els/AgentViewModel.kt:277:35 
Argument type mismatch: 
actual type is 'JsonObject', 
but 'String' was expected.
e: file:///C:/LDO-AiAOSP-ReGe
nesis/app/src/main/java/dev/a
urakai/auraframefx/ui/viewmod
els/AgentViewModel.kt:286:25 
No parameter with name 
'query' found.
e: file:///C:/LDO-AiAOSP-ReGe
nesis/app/src/main/java/dev/a
urakai/auraframefx/ui/viewmod
els/AgentViewModel.kt:287:25 
No value passed for 
parameter 'content'.
e: file:///C:/LDO-AiAOSP-ReGe
nesis/app/src/main/java/dev/a
urakai/auraframefx/ui/viewmod
els/AgentViewModel.kt:287:35 
Argument type mismatch: 
actual type is 'JsonObject', 
but 'String' was expected.
e: file:///C:/LDO-AiAOSP-ReGe
nesis/app/src/main/java/dev/a
urakai/auraframefx/ui/viewmod
els/AgentViewModel.kt:300:64 
Argument type mismatch: 
actual type is 
'AgentRequest', but 
'AiRequest' was expected.
e: file:///C:/LDO-AiAOSP-ReGe
nesis/app/src/main/java/dev/a
urakai/auraframefx/ui/viewmod
els/AgentViewModel.kt:309:64 
Argument type mismatch: 
actual type is 
'AgentRequest', but 
'AiRequest' was expected.
e: file:///C:/LDO-AiAOSP-ReGe
nesis/app/src/main/java/dev/a
urakai/auraframefx/utils/Resp
onseExt.kt:9:99 Unresolved 
reference 'moshiBuilder'.
e: file:///C:/LDO-AiAOSP-ReGe
nesis/app/src/main/java/dev/a
urakai/auraframefx/viewmodel/
ConferenceRoomViewModel.kt:57
:66 Unresolved reference 
'transcriptSegments'.
e: file:///C:/LDO-AiAOSP-ReGe
nesis/app/src/main/java/dev/a
urakai/auraframefx/viewmodel/
ConferenceRoomViewModel.kt:57
:99 Unresolved reference 
'text'.
e: file:///C:/LDO-AiAOSP-ReGe
nesis/app/src/main/java/dev/a
urakai/auraframefx/viewmodel/
ConferenceRoomViewModel.kt:61
:41 Unresolved reference 
'transcriptSegments'.
e: file:///C:/LDO-AiAOSP-ReGe
nesis/app/src/main/java/dev/a
urakai/auraframefx/viewmodel/
ConferenceRoomViewModel.kt:62
:56 Unresolved reference 
'isFinal'.
e: file:///C:/LDO-AiAOSP-ReGe
nesis/app/src/main/java/dev/a
urakai/auraframefx/viewmodel/
ConferenceRoomViewModel.kt:64
:69 Unresolved reference 
'text'.
e: file:///C:/LDO-AiAOSP-ReGe
nesis/app/src/main/java/dev/a
urakai/auraframefx/viewmodel/
ConferenceRoomViewModel.kt:85
:44 Unresolved reference 
'processRequest'.
e: file:///C:/LDO-AiAOSP-ReGe
nesis/app/src/main/java/dev/a
urakai/auraframefx/viewmodel/
ConferenceRoomViewModel.kt:89
:35 Argument type mismatch: 
actual type is 'Map<String, 
String>', but 'JsonObject' 
was expected.
e: file:///C:/LDO-AiAOSP-ReGe
nesis/app/src/main/java/dev/a
urakai/auraframefx/viewmodel/
ConferenceRoomViewModel.kt:10
1:35 Argument type mismatch: 
actual type is 'Map<String, 
String>', but 'JsonObject' 
was expected.
e: file:///C:/LDO-AiAOSP-ReGe
nesis/app/src/main/java/dev/a
urakai/auraframefx/viewmodel/
ConferenceRoomViewModel.kt:15
3:38 Argument type mismatch: 
actual type is 
'AgentCapabilityCategory', 
but 'AgentType?' was 
expected.
e: file:///C:/LDO-AiAOSP-ReGe
nesis/app/src/main/java/dev/a
urakai/auraframefx/viewmodel/
ConferenceRoomViewModel.kt:16
4:38 Argument type mismatch: 
actual type is 
'AgentCapabilityCategory', 
but 'AgentType?' was 
expected.
e: file:///C:/LDO-AiAOSP-ReGe
nesis/app/src/main/java/dev/a
urakai/auraframefx/viewmodel/
ConferenceRoomViewModel.kt:18
9:17 Unresolved reference 
'log'.
Kotlin build report is written to file:///C:/LDO-AiAOSP-ReGenesis/build/reports/kotlin-build/aurakai-reactive-intelligence-build-2025-12-26-18-05-42-0.txt

FAILURE: Build failed with 
an exception.

* What went wrong:
Execution failed for task 
':app:compileDebugKotlin'.
> A failure occurred while 
executing org.jetbrains.kotli
n.compilerRunner.GradleCompil
erRunnerWithWorkers$GradleKot
linCompilerWorkAction
   > Compilation error. See 
log for more details

* Try:
> Run with --stacktrace 
option to get the stack 
trace.
> Run with --info or --debug 
option to get more log 
output.
> Run with --scan to get 
full insights from a Build 
Scan (powered by Develocity).
> Get more help at 
https://help.gradle.org.

BUILD FAILED in 45s
266 actionable tasks: 1 executed, 265 up-to-date
